[30-Jul-2015 17:07:22 Europe/Berlin] POSTされてしまった！
[30-Jul-2015 17:08:44 Europe/Berlin] POSTされてしまった！
[30-Jul-2015 17:08:44 Europe/Berlin] 入力されていなかった！
[10-Jun-2016 21:09:41 Asia/Tokyo] PHP Notice:  Undefined variable: monsters in /Applications/MAMP/htdocs/framework_lesson01/index.php on line 50
[10-Jun-2016 21:11:39 Asia/Tokyo] PHP Notice:  Undefined variable: monsters in /Applications/MAMP/htdocs/framework_lesson01/index.php on line 50
[10-Jun-2016 21:11:39 Asia/Tokyo] PHP Notice:  Undefined index: knockDownCount in /Applications/MAMP/htdocs/framework_lesson01/index.php on line 143
[10-Jun-2016 21:13:44 Asia/Tokyo] PHP Notice:  Undefined variable: monsters in /Applications/MAMP/htdocs/framework_lesson01/index.php on line 50
[10-Jun-2016 21:13:45 Asia/Tokyo] PHP Notice:  Undefined variable: monsters in /Applications/MAMP/htdocs/framework_lesson01/index.php on line 50
[10-Jun-2016 21:15:45 Asia/Tokyo] PHP Warning:  Illegal string offset 'name' in /Applications/MAMP/htdocs/framework_lesson01/index.php on line 148
[10-Jun-2016 21:15:45 Asia/Tokyo] PHP Notice:  Uninitialized string offset: 0 in /Applications/MAMP/htdocs/framework_lesson01/index.php on line 148
[10-Jun-2016 21:15:45 Asia/Tokyo] PHP Warning:  Illegal string offset 'img' in /Applications/MAMP/htdocs/framework_lesson01/index.php on line 149
[10-Jun-2016 21:15:45 Asia/Tokyo] PHP Notice:  Uninitialized string offset: 0 in /Applications/MAMP/htdocs/framework_lesson01/index.php on line 149
[10-Jun-2016 21:15:45 Asia/Tokyo] PHP Notice:  Undefined index: knockDownCount in /Applications/MAMP/htdocs/framework_lesson01/index.php on line 151
[10-Jun-2016 21:15:50 Asia/Tokyo] POSTされた！
[10-Jun-2016 21:15:50 Asia/Tokyo] PHP Notice:  Undefined variable: monsters in /Applications/MAMP/htdocs/framework_lesson01/index.php on line 50
[10-Jun-2016 21:15:50 Asia/Tokyo] PHP Notice:  Undefined variable: monsters in /Applications/MAMP/htdocs/framework_lesson01/index.php on line 50
[10-Jun-2016 21:15:54 Asia/Tokyo] POSTされた！
[10-Jun-2016 21:15:54 Asia/Tokyo] PHP Notice:  Undefined variable: monsters in /Applications/MAMP/htdocs/framework_lesson01/index.php on line 50
[10-Jun-2016 21:15:54 Asia/Tokyo] PHP Notice:  Undefined variable: monsters in /Applications/MAMP/htdocs/framework_lesson01/index.php on line 50
[10-Jun-2016 21:16:40 Asia/Tokyo] POSTされた！
[10-Jun-2016 21:16:40 Asia/Tokyo] PHP Notice:  Undefined variable: monsters in /Applications/MAMP/htdocs/framework_lesson01/index.php on line 50
[10-Jun-2016 21:16:40 Asia/Tokyo] PHP Notice:  Undefined variable: monsters in /Applications/MAMP/htdocs/framework_lesson01/index.php on line 50
[10-Jun-2016 21:17:07 Asia/Tokyo] POSTされた！
[10-Jun-2016 21:17:07 Asia/Tokyo] PHP Notice:  Undefined variable: monsters in /Applications/MAMP/htdocs/framework_lesson01/index.php on line 50
[10-Jun-2016 21:17:07 Asia/Tokyo] PHP Notice:  Undefined variable: monsters in /Applications/MAMP/htdocs/framework_lesson01/index.php on line 50
[10-Jun-2016 21:17:46 Asia/Tokyo] PHP Warning:  Illegal string offset 'img' in /Applications/MAMP/htdocs/framework_lesson01/index.php on line 150
[10-Jun-2016 21:17:46 Asia/Tokyo] PHP Notice:  Uninitialized string offset: 0 in /Applications/MAMP/htdocs/framework_lesson01/index.php on line 150
[10-Jun-2016 21:18:15 Asia/Tokyo] PHP Warning:  Illegal string offset 'img' in /Applications/MAMP/htdocs/framework_lesson01/index.php on line 150
[10-Jun-2016 21:18:15 Asia/Tokyo] PHP Notice:  Uninitialized string offset: 0 in /Applications/MAMP/htdocs/framework_lesson01/index.php on line 150
[10-Jun-2016 21:19:40 Asia/Tokyo] PHP Warning:  Illegal string offset 'img' in /Applications/MAMP/htdocs/framework_lesson01/index.php on line 150
[10-Jun-2016 21:19:40 Asia/Tokyo] PHP Notice:  Uninitialized string offset: 0 in /Applications/MAMP/htdocs/framework_lesson01/index.php on line 150
[10-Jun-2016 21:19:44 Asia/Tokyo] POSTされた！
[10-Jun-2016 21:19:44 Asia/Tokyo] PHP Notice:  Undefined variable: monsters in /Applications/MAMP/htdocs/framework_lesson01/index.php on line 50
[10-Jun-2016 21:19:44 Asia/Tokyo] PHP Notice:  Undefined variable: monsters in /Applications/MAMP/htdocs/framework_lesson01/index.php on line 50
[10-Jun-2016 21:20:22 Asia/Tokyo] POSTされた！
[10-Jun-2016 21:20:28 Asia/Tokyo] POSTされた！
[10-Jun-2016 21:20:30 Asia/Tokyo] POSTされた！
[10-Jun-2016 21:20:32 Asia/Tokyo] POSTされた！
[10-Jun-2016 21:20:32 Asia/Tokyo] PHP Warning:  Illegal string offset 'img' in /Applications/MAMP/htdocs/framework_lesson01/index.php on line 151
[10-Jun-2016 21:20:32 Asia/Tokyo] PHP Notice:  Uninitialized string offset: 0 in /Applications/MAMP/htdocs/framework_lesson01/index.php on line 151
[10-Jun-2016 21:23:08 Asia/Tokyo] POSTされた！
[10-Jun-2016 21:23:08 Asia/Tokyo] PHP Notice:  Undefined index: img in /Applications/MAMP/htdocs/framework_lesson01/index.php on line 153
[10-Jun-2016 21:23:11 Asia/Tokyo] PHP Notice:  Undefined index: img in /Applications/MAMP/htdocs/framework_lesson01/index.php on line 153
[10-Jun-2016 21:23:23 Asia/Tokyo] PHP Notice:  Undefined index: img in /Applications/MAMP/htdocs/framework_lesson01/index.php on line 153
[10-Jun-2016 21:23:49 Asia/Tokyo] POSTされた！
[10-Jun-2016 21:23:54 Asia/Tokyo] POSTされた！
[10-Jun-2016 21:23:54 Asia/Tokyo] PHP Notice:  Undefined index: knockDownCount in /Applications/MAMP/htdocs/framework_lesson01/index.php on line 79
[10-Jun-2016 21:24:01 Asia/Tokyo] POSTされた！
[10-Jun-2016 21:24:01 Asia/Tokyo] PHP Notice:  Undefined index: knockDownCount in /Applications/MAMP/htdocs/framework_lesson01/index.php on line 79
[10-Jun-2016 21:24:02 Asia/Tokyo] POSTされた！
[10-Jun-2016 21:24:02 Asia/Tokyo] PHP Notice:  Undefined index: knockDownCount in /Applications/MAMP/htdocs/framework_lesson01/index.php on line 79
[10-Jun-2016 21:24:03 Asia/Tokyo] POSTされた！
[10-Jun-2016 21:24:03 Asia/Tokyo] PHP Notice:  Undefined index: knockDownCount in /Applications/MAMP/htdocs/framework_lesson01/index.php on line 79
[10-Jun-2016 21:24:04 Asia/Tokyo] POSTされた！
[10-Jun-2016 21:24:04 Asia/Tokyo] PHP Notice:  Undefined index: knockDownCount in /Applications/MAMP/htdocs/framework_lesson01/index.php on line 79
[10-Jun-2016 21:24:05 Asia/Tokyo] POSTされた！
[10-Jun-2016 21:24:05 Asia/Tokyo] PHP Notice:  Undefined index: knockDownCount in /Applications/MAMP/htdocs/framework_lesson01/index.php on line 79
[10-Jun-2016 21:24:23 Asia/Tokyo] POSTされた！
[10-Jun-2016 21:24:23 Asia/Tokyo] PHP Notice:  Undefined index: knockDownCount in /Applications/MAMP/htdocs/framework_lesson01/index.php on line 79
[10-Jun-2016 21:24:25 Asia/Tokyo] POSTされた！
[10-Jun-2016 21:24:25 Asia/Tokyo] PHP Notice:  Undefined index: knockDownCount in /Applications/MAMP/htdocs/framework_lesson01/index.php on line 79
[10-Jun-2016 21:24:26 Asia/Tokyo] POSTされた！
[10-Jun-2016 21:24:26 Asia/Tokyo] PHP Notice:  Undefined index: knockDownCount in /Applications/MAMP/htdocs/framework_lesson01/index.php on line 79
[10-Jun-2016 21:24:27 Asia/Tokyo] POSTされた！
[10-Jun-2016 21:24:27 Asia/Tokyo] PHP Notice:  Undefined index: knockDownCount in /Applications/MAMP/htdocs/framework_lesson01/index.php on line 79
[10-Jun-2016 21:25:48 Asia/Tokyo] POSTされた！
[10-Jun-2016 21:25:48 Asia/Tokyo] PHP Notice:  Undefined index: knockDownCount in /Applications/MAMP/htdocs/framework_lesson01/index.php on line 79
[10-Jun-2016 21:25:53 Asia/Tokyo] POSTされた！
[10-Jun-2016 21:25:53 Asia/Tokyo] PHP Notice:  Undefined index: knockDownCount in /Applications/MAMP/htdocs/framework_lesson01/index.php on line 79
[10-Jun-2016 21:25:54 Asia/Tokyo] POSTされた！
[10-Jun-2016 21:25:54 Asia/Tokyo] PHP Notice:  Undefined index: knockDownCount in /Applications/MAMP/htdocs/framework_lesson01/index.php on line 79
[10-Jun-2016 21:26:33 Asia/Tokyo] POSTされた！
[10-Jun-2016 21:26:33 Asia/Tokyo] PHP Notice:  Undefined index: knockDownCount in /Applications/MAMP/htdocs/framework_lesson01/index.php on line 79
[10-Jun-2016 21:29:34 Asia/Tokyo] PHP Notice:  Undefined index: img in /Applications/MAMP/htdocs/framework_lesson01/index.php on line 159
[10-Jun-2016 21:30:30 Asia/Tokyo] POSTされた！
[10-Jun-2016 21:30:30 Asia/Tokyo] ゲームスタート！
[10-Jun-2016 21:30:30 Asia/Tokyo] モンスターが出現！
[10-Jun-2016 21:30:30 Asia/Tokyo] モンスターが出現！
[10-Jun-2016 21:31:02 Asia/Tokyo] POSTされた！
[10-Jun-2016 21:31:02 Asia/Tokyo] ゲームスタート！
[10-Jun-2016 21:31:02 Asia/Tokyo] モンスターが出現！
[10-Jun-2016 21:31:02 Asia/Tokyo] モンスターが出現！
[10-Jun-2016 21:31:26 Asia/Tokyo] POSTされた！
[10-Jun-2016 21:31:26 Asia/Tokyo] ゲームスタート！
[10-Jun-2016 21:31:26 Asia/Tokyo] モンスターが出現！
[10-Jun-2016 21:31:26 Asia/Tokyo] モンスターが出現！
[10-Jun-2016 21:31:57 Asia/Tokyo] POSTされた！
[10-Jun-2016 21:31:57 Asia/Tokyo] ゲームスタート！
[10-Jun-2016 21:31:57 Asia/Tokyo] 初期化します！
[10-Jun-2016 21:31:57 Asia/Tokyo] モンスターが出現！
[10-Jun-2016 21:31:57 Asia/Tokyo] モンスターが出現！
[10-Jun-2016 21:33:12 Asia/Tokyo] POSTされた！
[10-Jun-2016 21:33:12 Asia/Tokyo] ゲームスタート！
[10-Jun-2016 21:33:12 Asia/Tokyo] 初期化します！
[10-Jun-2016 21:33:12 Asia/Tokyo] モンスターが出現！
[10-Jun-2016 21:33:15 Asia/Tokyo] POSTされた！
[10-Jun-2016 21:33:15 Asia/Tokyo] ゲームスタート！
[10-Jun-2016 21:33:15 Asia/Tokyo] 初期化します！
[10-Jun-2016 21:33:15 Asia/Tokyo] モンスターが出現！
[10-Jun-2016 21:33:17 Asia/Tokyo] POSTされた！
[10-Jun-2016 21:33:17 Asia/Tokyo] ゲームスタート！
[10-Jun-2016 21:33:17 Asia/Tokyo] 初期化します！
[10-Jun-2016 21:33:17 Asia/Tokyo] モンスターが出現！
[10-Jun-2016 21:33:18 Asia/Tokyo] POSTされた！
[10-Jun-2016 21:33:18 Asia/Tokyo] ゲームスタート！
[10-Jun-2016 21:33:18 Asia/Tokyo] 初期化します！
[10-Jun-2016 21:33:18 Asia/Tokyo] モンスターが出現！
[10-Jun-2016 21:33:19 Asia/Tokyo] POSTされた！
[10-Jun-2016 21:33:19 Asia/Tokyo] ゲームスタート！
[10-Jun-2016 21:33:19 Asia/Tokyo] 初期化します！
[10-Jun-2016 21:33:19 Asia/Tokyo] モンスターが出現！
[10-Jun-2016 21:33:44 Asia/Tokyo] POSTされた！
[10-Jun-2016 21:33:44 Asia/Tokyo] ゲームスタート！
[10-Jun-2016 21:33:44 Asia/Tokyo] 初期化します！
[10-Jun-2016 21:33:44 Asia/Tokyo] モンスターが出現！
[10-Jun-2016 21:33:45 Asia/Tokyo] POSTされた！
[10-Jun-2016 21:33:45 Asia/Tokyo] ゲームスタート！
[10-Jun-2016 21:33:45 Asia/Tokyo] 初期化します！
[10-Jun-2016 21:33:45 Asia/Tokyo] モンスターが出現！
[10-Jun-2016 21:33:46 Asia/Tokyo] POSTされた！
[10-Jun-2016 21:33:46 Asia/Tokyo] ゲームスタート！
[10-Jun-2016 21:33:46 Asia/Tokyo] 初期化します！
[10-Jun-2016 21:33:46 Asia/Tokyo] モンスターが出現！
[10-Jun-2016 21:33:47 Asia/Tokyo] POSTされた！
[10-Jun-2016 21:33:47 Asia/Tokyo] ゲームスタート！
[10-Jun-2016 21:33:47 Asia/Tokyo] 初期化します！
[10-Jun-2016 21:33:47 Asia/Tokyo] モンスターが出現！
[10-Jun-2016 21:33:47 Asia/Tokyo] POSTされた！
[10-Jun-2016 21:33:47 Asia/Tokyo] ゲームスタート！
[10-Jun-2016 21:33:47 Asia/Tokyo] 初期化します！
[10-Jun-2016 21:33:47 Asia/Tokyo] モンスターが出現！
[10-Jun-2016 21:33:48 Asia/Tokyo] POSTされた！
[10-Jun-2016 21:33:48 Asia/Tokyo] ゲームスタート！
[10-Jun-2016 21:33:48 Asia/Tokyo] 初期化します！
[10-Jun-2016 21:33:48 Asia/Tokyo] モンスターが出現！
[10-Jun-2016 21:33:49 Asia/Tokyo] POSTされた！
[10-Jun-2016 21:33:49 Asia/Tokyo] ゲームスタート！
[10-Jun-2016 21:33:49 Asia/Tokyo] 初期化します！
[10-Jun-2016 21:33:49 Asia/Tokyo] モンスターが出現！
[10-Jun-2016 21:33:51 Asia/Tokyo] POSTされた！
[10-Jun-2016 21:33:51 Asia/Tokyo] ゲームスタート！
[10-Jun-2016 21:33:51 Asia/Tokyo] 初期化します！
[10-Jun-2016 21:33:51 Asia/Tokyo] モンスターが出現！
[10-Jun-2016 21:33:57 Asia/Tokyo] POSTされた！
[10-Jun-2016 21:33:57 Asia/Tokyo] ゲームスタート！
[10-Jun-2016 21:33:57 Asia/Tokyo] 初期化します！
[10-Jun-2016 21:33:57 Asia/Tokyo] モンスターが出現！
[10-Jun-2016 21:34:12 Asia/Tokyo] POSTされた！
[10-Jun-2016 21:34:12 Asia/Tokyo] 攻撃した！
[10-Jun-2016 21:34:12 Asia/Tokyo] 60ポイントのダメージを与えた！
[10-Jun-2016 21:34:12 Asia/Tokyo] PHP Notice:  Undefined index: name in /Applications/MAMP/htdocs/framework_lesson01/index.php on line 83
[10-Jun-2016 21:34:12 Asia/Tokyo] を倒した！
[10-Jun-2016 21:34:12 Asia/Tokyo] モンスターが出現！
[10-Jun-2016 21:34:12 Asia/Tokyo] PHP Notice:  Undefined index: knockDownCount in /Applications/MAMP/htdocs/framework_lesson01/index.php on line 85
[10-Jun-2016 21:35:36 Asia/Tokyo] POSTされた！
[10-Jun-2016 21:35:36 Asia/Tokyo] ゲームスタート！
[10-Jun-2016 21:35:36 Asia/Tokyo] 初期化します！
[10-Jun-2016 21:35:36 Asia/Tokyo] モンスターが出現！
[10-Jun-2016 21:35:37 Asia/Tokyo] POSTされた！
[10-Jun-2016 21:35:38 Asia/Tokyo] 攻撃した！
[10-Jun-2016 21:35:38 Asia/Tokyo] 59ポイントのダメージを与えた！
[10-Jun-2016 21:35:40 Asia/Tokyo] POSTされた！
[10-Jun-2016 21:35:40 Asia/Tokyo] 攻撃した！
[10-Jun-2016 21:35:40 Asia/Tokyo] 77ポイントのダメージを与えた！
[10-Jun-2016 21:35:40 Asia/Tokyo] 毒ハンドを倒した！
[10-Jun-2016 21:35:40 Asia/Tokyo] モンスターが出現！
[10-Jun-2016 21:35:40 Asia/Tokyo] PHP Notice:  Undefined index: knockDownCount in /Applications/MAMP/htdocs/framework_lesson01/index.php on line 85
[10-Jun-2016 21:35:41 Asia/Tokyo] POSTされた！
[10-Jun-2016 21:35:41 Asia/Tokyo] 攻撃した！
[10-Jun-2016 21:35:41 Asia/Tokyo] 98ポイントのダメージを与えた！
[10-Jun-2016 21:35:42 Asia/Tokyo] POSTされた！
[10-Jun-2016 21:35:42 Asia/Tokyo] 攻撃した！
[10-Jun-2016 21:35:42 Asia/Tokyo] 87ポイントのダメージを与えた！
[10-Jun-2016 21:35:42 Asia/Tokyo] スカルフェイスを倒した！
[10-Jun-2016 21:35:42 Asia/Tokyo] モンスターが出現！
[10-Jun-2016 21:35:42 Asia/Tokyo] PHP Notice:  Undefined index: knockDownCount in /Applications/MAMP/htdocs/framework_lesson01/index.php on line 85
[10-Jun-2016 21:35:43 Asia/Tokyo] POSTされた！
[10-Jun-2016 21:35:43 Asia/Tokyo] 攻撃した！
[10-Jun-2016 21:35:43 Asia/Tokyo] 97ポイントのダメージを与えた！
[10-Jun-2016 21:35:44 Asia/Tokyo] POSTされた！
[10-Jun-2016 21:35:44 Asia/Tokyo] 攻撃した！
[10-Jun-2016 21:35:44 Asia/Tokyo] 95ポイントのダメージを与えた！
[10-Jun-2016 21:35:44 Asia/Tokyo] 毒ハンドを倒した！
[10-Jun-2016 21:35:44 Asia/Tokyo] モンスターが出現！
[10-Jun-2016 21:35:44 Asia/Tokyo] PHP Notice:  Undefined index: knockDownCount in /Applications/MAMP/htdocs/framework_lesson01/index.php on line 85
[10-Jun-2016 21:35:45 Asia/Tokyo] POSTされた！
[10-Jun-2016 21:35:45 Asia/Tokyo] 攻撃した！
[10-Jun-2016 21:35:45 Asia/Tokyo] 70ポイントのダメージを与えた！
[10-Jun-2016 21:35:45 Asia/Tokyo] POSTされた！
[10-Jun-2016 21:35:45 Asia/Tokyo] 攻撃した！
[10-Jun-2016 21:35:45 Asia/Tokyo] 84ポイントのダメージを与えた！
[10-Jun-2016 21:35:45 Asia/Tokyo] フランケンを倒した！
[10-Jun-2016 21:35:45 Asia/Tokyo] モンスターが出現！
[10-Jun-2016 21:35:45 Asia/Tokyo] PHP Notice:  Undefined index: knockDownCount in /Applications/MAMP/htdocs/framework_lesson01/index.php on line 85
[10-Jun-2016 21:35:46 Asia/Tokyo] POSTされた！
[10-Jun-2016 21:35:46 Asia/Tokyo] 攻撃した！
[10-Jun-2016 21:35:46 Asia/Tokyo] 70ポイントのダメージを与えた！
[10-Jun-2016 21:35:47 Asia/Tokyo] POSTされた！
[10-Jun-2016 21:35:47 Asia/Tokyo] 攻撃した！
[10-Jun-2016 21:35:47 Asia/Tokyo] 96ポイントのダメージを与えた！
[10-Jun-2016 21:35:48 Asia/Tokyo] POSTされた！
[10-Jun-2016 21:35:48 Asia/Tokyo] 攻撃した！
[10-Jun-2016 21:35:48 Asia/Tokyo] 94ポイントのダメージを与えた！
[10-Jun-2016 21:35:49 Asia/Tokyo] POSTされた！
[10-Jun-2016 21:35:49 Asia/Tokyo] 攻撃した！
[10-Jun-2016 21:35:49 Asia/Tokyo] 61ポイントのダメージを与えた！
[10-Jun-2016 21:35:50 Asia/Tokyo] POSTされた！
[10-Jun-2016 21:35:50 Asia/Tokyo] 攻撃した！
[10-Jun-2016 21:35:50 Asia/Tokyo] 55ポイントのダメージを与えた！
[10-Jun-2016 21:35:50 Asia/Tokyo] フランケンNEOを倒した！
[10-Jun-2016 21:35:50 Asia/Tokyo] モンスターが出現！
[10-Jun-2016 21:35:50 Asia/Tokyo] PHP Notice:  Undefined index: knockDownCount in /Applications/MAMP/htdocs/framework_lesson01/index.php on line 85
[10-Jun-2016 21:37:12 Asia/Tokyo] POSTされた！
[10-Jun-2016 21:37:12 Asia/Tokyo] 攻撃した！
[10-Jun-2016 21:37:12 Asia/Tokyo] 58ポイントのダメージを与えた！
[10-Jun-2016 21:37:12 Asia/Tokyo] POSTされた！
[10-Jun-2016 21:37:12 Asia/Tokyo] 攻撃した！
[10-Jun-2016 21:37:12 Asia/Tokyo] 74ポイントのダメージを与えた！
[10-Jun-2016 21:37:13 Asia/Tokyo] POSTされた！
[10-Jun-2016 21:37:13 Asia/Tokyo] 攻撃した！
[10-Jun-2016 21:37:13 Asia/Tokyo] 79ポイントのダメージを与えた！
[10-Jun-2016 21:37:13 Asia/Tokyo] ドラキュリーを倒した！
[10-Jun-2016 21:37:13 Asia/Tokyo] モンスターが出現！
[10-Jun-2016 21:37:13 Asia/Tokyo] PHP Notice:  Undefined index: knockDownCount in /Applications/MAMP/htdocs/framework_lesson01/index.php on line 85
[10-Jun-2016 21:38:02 Asia/Tokyo] POSTされた！
[10-Jun-2016 21:38:02 Asia/Tokyo] ゲームスタート！
[10-Jun-2016 21:38:02 Asia/Tokyo] 初期化します！
[10-Jun-2016 21:38:02 Asia/Tokyo] モンスターが出現！
[10-Jun-2016 21:38:03 Asia/Tokyo] POSTされた！
[10-Jun-2016 21:38:04 Asia/Tokyo] 攻撃した！
[10-Jun-2016 21:38:04 Asia/Tokyo] 66ポイントのダメージを与えた！
[10-Jun-2016 21:38:04 Asia/Tokyo] POSTされた！
[10-Jun-2016 21:38:04 Asia/Tokyo] 攻撃した！
[10-Jun-2016 21:38:04 Asia/Tokyo] 86ポイントのダメージを与えた！
[10-Jun-2016 21:38:04 Asia/Tokyo] 毒ハンドを倒した！
[10-Jun-2016 21:38:04 Asia/Tokyo] モンスターが出現！
[10-Jun-2016 21:38:05 Asia/Tokyo] POSTされた！
[10-Jun-2016 21:38:05 Asia/Tokyo] 攻撃した！
[10-Jun-2016 21:38:05 Asia/Tokyo] 92ポイントのダメージを与えた！
[10-Jun-2016 21:38:06 Asia/Tokyo] POSTされた！
[10-Jun-2016 21:38:06 Asia/Tokyo] 攻撃した！
[10-Jun-2016 21:38:06 Asia/Tokyo] 60ポイントのダメージを与えた！
[10-Jun-2016 21:38:06 Asia/Tokyo] 毒ハンドを倒した！
[10-Jun-2016 21:38:06 Asia/Tokyo] モンスターが出現！
[10-Jun-2016 21:38:08 Asia/Tokyo] POSTされた！
[10-Jun-2016 21:38:08 Asia/Tokyo] 攻撃した！
[10-Jun-2016 21:38:08 Asia/Tokyo] 64ポイントのダメージを与えた！
[10-Jun-2016 21:38:08 Asia/Tokyo] POSTされた！
[10-Jun-2016 21:38:08 Asia/Tokyo] 攻撃した！
[10-Jun-2016 21:38:08 Asia/Tokyo] 87ポイントのダメージを与えた！
[10-Jun-2016 21:38:09 Asia/Tokyo] POSTされた！
[10-Jun-2016 21:38:09 Asia/Tokyo] 攻撃した！
[10-Jun-2016 21:38:09 Asia/Tokyo] 97ポイントのダメージを与えた！
[10-Jun-2016 21:38:09 Asia/Tokyo] POSTされた！
[10-Jun-2016 21:38:09 Asia/Tokyo] 攻撃した！
[10-Jun-2016 21:38:09 Asia/Tokyo] 81ポイントのダメージを与えた！
[10-Jun-2016 21:38:09 Asia/Tokyo] フランケンNEOを倒した！
[10-Jun-2016 21:38:09 Asia/Tokyo] モンスターが出現！
[10-Jun-2016 21:38:11 Asia/Tokyo] POSTされた！
[10-Jun-2016 21:38:11 Asia/Tokyo] 攻撃した！
[10-Jun-2016 21:38:11 Asia/Tokyo] 95ポイントのダメージを与えた！
[10-Jun-2016 21:38:11 Asia/Tokyo] POSTされた！
[10-Jun-2016 21:38:11 Asia/Tokyo] 攻撃した！
[10-Jun-2016 21:38:11 Asia/Tokyo] 77ポイントのダメージを与えた！
[10-Jun-2016 21:38:11 Asia/Tokyo] POSTされた！
[10-Jun-2016 21:38:11 Asia/Tokyo] 攻撃した！
[10-Jun-2016 21:38:11 Asia/Tokyo] 51ポイントのダメージを与えた！
[10-Jun-2016 21:38:11 Asia/Tokyo] 血のハンドを倒した！
[10-Jun-2016 21:38:11 Asia/Tokyo] モンスターが出現！
[10-Jun-2016 21:38:11 Asia/Tokyo] POSTされた！
[10-Jun-2016 21:38:11 Asia/Tokyo] 攻撃した！
[10-Jun-2016 21:38:11 Asia/Tokyo] 69ポイントのダメージを与えた！
[10-Jun-2016 21:38:12 Asia/Tokyo] POSTされた！
[10-Jun-2016 21:38:12 Asia/Tokyo] 攻撃した！
[10-Jun-2016 21:38:12 Asia/Tokyo] 88ポイントのダメージを与えた！
[10-Jun-2016 21:38:12 Asia/Tokyo] 泥ハンドを倒した！
[10-Jun-2016 21:38:12 Asia/Tokyo] モンスターが出現！
[10-Jun-2016 21:38:13 Asia/Tokyo] POSTされた！
[10-Jun-2016 21:38:13 Asia/Tokyo] 攻撃した！
[10-Jun-2016 21:38:13 Asia/Tokyo] 69ポイントのダメージを与えた！
[10-Jun-2016 21:38:14 Asia/Tokyo] POSTされた！
[10-Jun-2016 21:38:14 Asia/Tokyo] 攻撃した！
[10-Jun-2016 21:38:14 Asia/Tokyo] 79ポイントのダメージを与えた！
[10-Jun-2016 21:38:14 Asia/Tokyo] POSTされた！
[10-Jun-2016 21:38:14 Asia/Tokyo] 攻撃した！
[10-Jun-2016 21:38:14 Asia/Tokyo] 61ポイントのダメージを与えた！
[10-Jun-2016 21:38:14 Asia/Tokyo] ドラキュリーを倒した！
[10-Jun-2016 21:38:14 Asia/Tokyo] モンスターが出現！
[10-Jun-2016 21:38:32 Asia/Tokyo] POSTされた！
[10-Jun-2016 21:38:32 Asia/Tokyo] ゲームスタート！
[10-Jun-2016 21:38:32 Asia/Tokyo] 初期化します！
[10-Jun-2016 21:38:32 Asia/Tokyo] モンスターが出現！
[11-Jun-2016 09:31:31 Asia/Tokyo] POSTされた！
[11-Jun-2016 09:31:31 Asia/Tokyo] ゲームスタート！
[11-Jun-2016 09:31:31 Asia/Tokyo] 初期化します！
[11-Jun-2016 09:31:31 Asia/Tokyo] モンスターが出現！
[11-Jun-2016 09:31:38 Asia/Tokyo] POSTされた！
[11-Jun-2016 09:31:38 Asia/Tokyo] 攻撃した！
[11-Jun-2016 09:31:38 Asia/Tokyo] 77ポイントのダメージを与えた！
[11-Jun-2016 09:31:40 Asia/Tokyo] POSTされた！
[11-Jun-2016 09:31:40 Asia/Tokyo] 攻撃した！
[11-Jun-2016 09:31:40 Asia/Tokyo] 70ポイントのダメージを与えた！
[11-Jun-2016 09:31:41 Asia/Tokyo] POSTされた！
[11-Jun-2016 09:31:41 Asia/Tokyo] 攻撃した！
[11-Jun-2016 09:31:41 Asia/Tokyo] 50ポイントのダメージを与えた！
[11-Jun-2016 09:31:41 Asia/Tokyo] スカルフェイスを倒した！
[11-Jun-2016 09:31:41 Asia/Tokyo] モンスターが出現！
[11-Jun-2016 09:32:54 Asia/Tokyo] POSTされた！
[11-Jun-2016 09:32:54 Asia/Tokyo] 攻撃した！
[11-Jun-2016 09:32:54 Asia/Tokyo] 50ポイントのダメージを与えた！
[11-Jun-2016 09:32:56 Asia/Tokyo] POSTされた！
[11-Jun-2016 09:32:56 Asia/Tokyo] 攻撃した！
[11-Jun-2016 09:32:56 Asia/Tokyo] 86ポイントのダメージを与えた！
[11-Jun-2016 09:32:57 Asia/Tokyo] POSTされた！
[11-Jun-2016 09:32:57 Asia/Tokyo] 攻撃した！
[11-Jun-2016 09:32:57 Asia/Tokyo] 56ポイントのダメージを与えた！
[11-Jun-2016 09:32:57 Asia/Tokyo] 血のハンドを倒した！
[11-Jun-2016 09:32:57 Asia/Tokyo] モンスターが出現！
[11-Jun-2016 09:33:26 Asia/Tokyo] POSTされた！
[11-Jun-2016 09:33:26 Asia/Tokyo] 攻撃した！
[11-Jun-2016 09:33:26 Asia/Tokyo] 61ポイントのダメージを与えた！
[11-Jun-2016 09:33:27 Asia/Tokyo] POSTされた！
[11-Jun-2016 09:33:27 Asia/Tokyo] 攻撃した！
[11-Jun-2016 09:33:27 Asia/Tokyo] 55ポイントのダメージを与えた！
[11-Jun-2016 09:33:28 Asia/Tokyo] POSTされた！
[11-Jun-2016 09:33:28 Asia/Tokyo] 攻撃した！
[11-Jun-2016 09:33:28 Asia/Tokyo] 71ポイントのダメージを与えた！
[11-Jun-2016 09:33:28 Asia/Tokyo] POSTされた！
[11-Jun-2016 09:33:28 Asia/Tokyo] 攻撃した！
[11-Jun-2016 09:33:28 Asia/Tokyo] 100ポイントのダメージを与えた！
[11-Jun-2016 09:33:28 Asia/Tokyo] POSTされた！
[11-Jun-2016 09:33:28 Asia/Tokyo] 攻撃した！
[11-Jun-2016 09:33:28 Asia/Tokyo] 57ポイントのダメージを与えた！
[11-Jun-2016 09:33:28 Asia/Tokyo] フランケンNEOを倒した！
[11-Jun-2016 09:33:28 Asia/Tokyo] モンスターが出現！
[11-Jun-2016 09:33:29 Asia/Tokyo] POSTされた！
[11-Jun-2016 09:33:29 Asia/Tokyo] 攻撃した！
[11-Jun-2016 09:33:29 Asia/Tokyo] 91ポイントのダメージを与えた！
[11-Jun-2016 09:33:30 Asia/Tokyo] POSTされた！
[11-Jun-2016 09:33:30 Asia/Tokyo] 攻撃した！
[11-Jun-2016 09:33:30 Asia/Tokyo] 69ポイントのダメージを与えた！
[11-Jun-2016 09:33:30 Asia/Tokyo] POSTされた！
[11-Jun-2016 09:33:30 Asia/Tokyo] 攻撃した！
[11-Jun-2016 09:33:30 Asia/Tokyo] 69ポイントのダメージを与えた！
[11-Jun-2016 09:33:30 Asia/Tokyo] ドラキュリーを倒した！
[11-Jun-2016 09:33:30 Asia/Tokyo] モンスターが出現！
[11-Jun-2016 09:33:31 Asia/Tokyo] POSTされた！
[11-Jun-2016 09:33:31 Asia/Tokyo] 攻撃した！
[11-Jun-2016 09:33:31 Asia/Tokyo] 54ポイントのダメージを与えた！
[11-Jun-2016 09:33:32 Asia/Tokyo] POSTされた！
[11-Jun-2016 09:33:32 Asia/Tokyo] 攻撃した！
[11-Jun-2016 09:33:32 Asia/Tokyo] 84ポイントのダメージを与えた！
[11-Jun-2016 09:33:32 Asia/Tokyo] POSTされた！
[11-Jun-2016 09:33:32 Asia/Tokyo] 攻撃した！
[11-Jun-2016 09:33:32 Asia/Tokyo] 94ポイントのダメージを与えた！
[11-Jun-2016 09:33:32 Asia/Tokyo] ドラキュリーを倒した！
[11-Jun-2016 09:33:32 Asia/Tokyo] モンスターが出現！
[11-Jun-2016 09:33:33 Asia/Tokyo] POSTされた！
[11-Jun-2016 09:33:33 Asia/Tokyo] 攻撃した！
[11-Jun-2016 09:33:33 Asia/Tokyo] 93ポイントのダメージを与えた！
[11-Jun-2016 09:33:34 Asia/Tokyo] POSTされた！
[11-Jun-2016 09:33:34 Asia/Tokyo] 攻撃した！
[11-Jun-2016 09:33:34 Asia/Tokyo] 86ポイントのダメージを与えた！
[11-Jun-2016 09:33:35 Asia/Tokyo] POSTされた！
[11-Jun-2016 09:33:35 Asia/Tokyo] 攻撃した！
[11-Jun-2016 09:33:35 Asia/Tokyo] 71ポイントのダメージを与えた！
[11-Jun-2016 09:33:35 Asia/Tokyo] ゲームオーバー！
[11-Jun-2016 09:33:35 Asia/Tokyo] PHP Notice:  Undefined index: hp in /Applications/MAMP/htdocs/framework_lesson01_2/index.php on line 106
[11-Jun-2016 09:33:35 Asia/Tokyo] PHP Notice:  Undefined index: name in /Applications/MAMP/htdocs/framework_lesson01_2/index.php on line 107
[11-Jun-2016 09:33:35 Asia/Tokyo] を倒した！
[11-Jun-2016 09:33:35 Asia/Tokyo] モンスターが出現！
[11-Jun-2016 09:33:35 Asia/Tokyo] PHP Notice:  Undefined index: knockDownCount in /Applications/MAMP/htdocs/framework_lesson01_2/index.php on line 109
[11-Jun-2016 09:34:21 Asia/Tokyo] POSTされた！
[11-Jun-2016 09:34:21 Asia/Tokyo] 攻撃した！
[11-Jun-2016 09:34:21 Asia/Tokyo] 74ポイントのダメージを与えた！
[11-Jun-2016 09:34:21 Asia/Tokyo] PHP Notice:  Undefined index: myhp in /Applications/MAMP/htdocs/framework_lesson01_2/index.php on line 100
[11-Jun-2016 09:34:21 Asia/Tokyo] ゲームオーバー！
[11-Jun-2016 09:34:21 Asia/Tokyo] PHP Notice:  Undefined index: hp in /Applications/MAMP/htdocs/framework_lesson01_2/index.php on line 106
[11-Jun-2016 09:34:21 Asia/Tokyo] PHP Notice:  Undefined index: name in /Applications/MAMP/htdocs/framework_lesson01_2/index.php on line 107
[11-Jun-2016 09:34:21 Asia/Tokyo] を倒した！
[11-Jun-2016 09:34:21 Asia/Tokyo] モンスターが出現！
[11-Jun-2016 09:34:21 Asia/Tokyo] PHP Notice:  Undefined index: knockDownCount in /Applications/MAMP/htdocs/framework_lesson01_2/index.php on line 109
[11-Jun-2016 09:34:29 Asia/Tokyo] POSTされた！
[11-Jun-2016 09:34:29 Asia/Tokyo] ゲームスタート！
[11-Jun-2016 09:34:29 Asia/Tokyo] 初期化します！
[11-Jun-2016 09:34:29 Asia/Tokyo] モンスターが出現！
[11-Jun-2016 09:34:30 Asia/Tokyo] POSTされた！
[11-Jun-2016 09:34:30 Asia/Tokyo] 攻撃した！
[11-Jun-2016 09:34:30 Asia/Tokyo] 89ポイントのダメージを与えた！
[11-Jun-2016 09:34:31 Asia/Tokyo] POSTされた！
[11-Jun-2016 09:34:31 Asia/Tokyo] 攻撃した！
[11-Jun-2016 09:34:31 Asia/Tokyo] 82ポイントのダメージを与えた！
[11-Jun-2016 09:34:31 Asia/Tokyo] フランケンを倒した！
[11-Jun-2016 09:34:31 Asia/Tokyo] モンスターが出現！
[11-Jun-2016 09:34:31 Asia/Tokyo] POSTされた！
[11-Jun-2016 09:34:31 Asia/Tokyo] 攻撃した！
[11-Jun-2016 09:34:31 Asia/Tokyo] 64ポイントのダメージを与えた！
[11-Jun-2016 09:34:32 Asia/Tokyo] POSTされた！
[11-Jun-2016 09:34:32 Asia/Tokyo] 攻撃した！
[11-Jun-2016 09:34:32 Asia/Tokyo] 64ポイントのダメージを与えた！
[11-Jun-2016 09:34:32 Asia/Tokyo] フランケンを倒した！
[11-Jun-2016 09:34:32 Asia/Tokyo] モンスターが出現！
[11-Jun-2016 09:34:34 Asia/Tokyo] POSTされた！
[11-Jun-2016 09:34:34 Asia/Tokyo] 攻撃した！
[11-Jun-2016 09:34:34 Asia/Tokyo] 95ポイントのダメージを与えた！
[11-Jun-2016 09:34:35 Asia/Tokyo] POSTされた！
[11-Jun-2016 09:34:35 Asia/Tokyo] 攻撃した！
[11-Jun-2016 09:34:35 Asia/Tokyo] 71ポイントのダメージを与えた！
[11-Jun-2016 09:34:35 Asia/Tokyo] 血のハンドを倒した！
[11-Jun-2016 09:34:35 Asia/Tokyo] モンスターが出現！
[11-Jun-2016 09:34:35 Asia/Tokyo] POSTされた！
[11-Jun-2016 09:34:35 Asia/Tokyo] 攻撃した！
[11-Jun-2016 09:34:35 Asia/Tokyo] 63ポイントのダメージを与えた！
[11-Jun-2016 09:34:35 Asia/Tokyo] POSTされた！
[11-Jun-2016 09:34:35 Asia/Tokyo] 攻撃した！
[11-Jun-2016 09:34:35 Asia/Tokyo] 80ポイントのダメージを与えた！
[11-Jun-2016 09:34:35 Asia/Tokyo] 血のハンドを倒した！
[11-Jun-2016 09:34:35 Asia/Tokyo] モンスターが出現！
[11-Jun-2016 09:34:38 Asia/Tokyo] POSTされた！
[11-Jun-2016 09:34:38 Asia/Tokyo] 攻撃した！
[11-Jun-2016 09:34:38 Asia/Tokyo] 59ポイントのダメージを与えた！
[11-Jun-2016 09:34:38 Asia/Tokyo] POSTされた！
[11-Jun-2016 09:34:38 Asia/Tokyo] 攻撃した！
[11-Jun-2016 09:34:38 Asia/Tokyo] 73ポイントのダメージを与えた！
[11-Jun-2016 09:34:39 Asia/Tokyo] POSTされた！
[11-Jun-2016 09:34:39 Asia/Tokyo] 攻撃した！
[11-Jun-2016 09:34:39 Asia/Tokyo] 86ポイントのダメージを与えた！
[11-Jun-2016 09:34:39 Asia/Tokyo] ドラキュリーを倒した！
[11-Jun-2016 09:34:39 Asia/Tokyo] モンスターが出現！
[11-Jun-2016 09:34:41 Asia/Tokyo] POSTされた！
[11-Jun-2016 09:34:41 Asia/Tokyo] 攻撃した！
[11-Jun-2016 09:34:41 Asia/Tokyo] 77ポイントのダメージを与えた！
[11-Jun-2016 09:34:42 Asia/Tokyo] POSTされた！
[11-Jun-2016 09:34:42 Asia/Tokyo] 攻撃した！
[11-Jun-2016 09:34:42 Asia/Tokyo] 53ポイントのダメージを与えた！
[11-Jun-2016 09:34:43 Asia/Tokyo] POSTされた！
[11-Jun-2016 09:34:43 Asia/Tokyo] 攻撃した！
[11-Jun-2016 09:34:43 Asia/Tokyo] 78ポイントのダメージを与えた！
[11-Jun-2016 09:34:43 Asia/Tokyo] 泥ハンドを倒した！
[11-Jun-2016 09:34:43 Asia/Tokyo] モンスターが出現！
[11-Jun-2016 09:34:44 Asia/Tokyo] POSTされた！
[11-Jun-2016 09:34:44 Asia/Tokyo] 攻撃した！
[11-Jun-2016 09:34:44 Asia/Tokyo] 69ポイントのダメージを与えた！
[11-Jun-2016 09:34:45 Asia/Tokyo] POSTされた！
[11-Jun-2016 09:34:45 Asia/Tokyo] 攻撃した！
[11-Jun-2016 09:34:45 Asia/Tokyo] 91ポイントのダメージを与えた！
[11-Jun-2016 09:34:45 Asia/Tokyo] 毒ハンドを倒した！
[11-Jun-2016 09:34:45 Asia/Tokyo] モンスターが出現！
[11-Jun-2016 09:34:47 Asia/Tokyo] POSTされた！
[11-Jun-2016 09:34:47 Asia/Tokyo] 攻撃した！
[11-Jun-2016 09:34:47 Asia/Tokyo] 100ポイントのダメージを与えた！
[11-Jun-2016 09:34:47 Asia/Tokyo] ゲームオーバー！
[11-Jun-2016 09:34:47 Asia/Tokyo] PHP Notice:  Undefined index: hp in /Applications/MAMP/htdocs/framework_lesson01_2/index.php on line 106
[11-Jun-2016 09:34:47 Asia/Tokyo] PHP Notice:  Undefined index: name in /Applications/MAMP/htdocs/framework_lesson01_2/index.php on line 107
[11-Jun-2016 09:34:47 Asia/Tokyo] を倒した！
[11-Jun-2016 09:34:47 Asia/Tokyo] モンスターが出現！
[11-Jun-2016 09:34:47 Asia/Tokyo] PHP Notice:  Undefined index: knockDownCount in /Applications/MAMP/htdocs/framework_lesson01_2/index.php on line 109
[11-Jun-2016 09:35:59 Asia/Tokyo] POSTされた！
[11-Jun-2016 09:35:59 Asia/Tokyo] 攻撃した！
[11-Jun-2016 09:35:59 Asia/Tokyo] 89ポイントのダメージを与えた！
[11-Jun-2016 09:35:59 Asia/Tokyo] PHP Notice:  Undefined index: myhp in /Applications/MAMP/htdocs/framework_lesson01_2/index.php on line 100
[11-Jun-2016 09:35:59 Asia/Tokyo] ゲームオーバー！
[11-Jun-2016 09:36:13 Asia/Tokyo] POSTされた！
[11-Jun-2016 09:36:13 Asia/Tokyo] ゲームスタート！
[11-Jun-2016 09:36:13 Asia/Tokyo] 初期化します！
[11-Jun-2016 09:36:13 Asia/Tokyo] モンスターが出現！
[11-Jun-2016 09:36:15 Asia/Tokyo] POSTされた！
[11-Jun-2016 09:36:15 Asia/Tokyo] 攻撃した！
[11-Jun-2016 09:36:15 Asia/Tokyo] 86ポイントのダメージを与えた！
[11-Jun-2016 09:36:15 Asia/Tokyo] POSTされた！
[11-Jun-2016 09:36:15 Asia/Tokyo] 攻撃した！
[11-Jun-2016 09:36:15 Asia/Tokyo] 91ポイントのダメージを与えた！
[11-Jun-2016 09:36:16 Asia/Tokyo] POSTされた！
[11-Jun-2016 09:36:16 Asia/Tokyo] 攻撃した！
[11-Jun-2016 09:36:16 Asia/Tokyo] 59ポイントのダメージを与えた！
[11-Jun-2016 09:36:16 Asia/Tokyo] 血のハンドを倒した！
[11-Jun-2016 09:36:16 Asia/Tokyo] モンスターが出現！
[11-Jun-2016 09:36:16 Asia/Tokyo] POSTされた！
[11-Jun-2016 09:36:16 Asia/Tokyo] 攻撃した！
[11-Jun-2016 09:36:16 Asia/Tokyo] 53ポイントのダメージを与えた！
[11-Jun-2016 09:36:16 Asia/Tokyo] POSTされた！
[11-Jun-2016 09:36:16 Asia/Tokyo] 攻撃した！
[11-Jun-2016 09:36:16 Asia/Tokyo] 93ポイントのダメージを与えた！
[11-Jun-2016 09:36:16 Asia/Tokyo] POSTされた！
[11-Jun-2016 09:36:16 Asia/Tokyo] 攻撃した！
[11-Jun-2016 09:36:16 Asia/Tokyo] 65ポイントのダメージを与えた！
[11-Jun-2016 09:36:16 Asia/Tokyo] 血のハンドを倒した！
[11-Jun-2016 09:36:16 Asia/Tokyo] モンスターが出現！
[11-Jun-2016 09:36:56 Asia/Tokyo] POSTされた！
[11-Jun-2016 09:36:56 Asia/Tokyo] 攻撃した！
[11-Jun-2016 09:36:56 Asia/Tokyo] 56ポイントのダメージを与えた！
[11-Jun-2016 09:37:05 Asia/Tokyo] POSTされた！
[11-Jun-2016 09:37:05 Asia/Tokyo] 攻撃した！
[11-Jun-2016 09:37:05 Asia/Tokyo] 71ポイントのダメージを与えた！
[11-Jun-2016 09:37:05 Asia/Tokyo] スカルフェイスを倒した！
[11-Jun-2016 09:37:05 Asia/Tokyo] モンスターが出現！
[11-Jun-2016 09:37:06 Asia/Tokyo] POSTされた！
[11-Jun-2016 09:37:06 Asia/Tokyo] 攻撃した！
[11-Jun-2016 09:37:06 Asia/Tokyo] 57ポイントのダメージを与えた！
[11-Jun-2016 09:37:08 Asia/Tokyo] POSTされた！
[11-Jun-2016 09:37:08 Asia/Tokyo] 攻撃した！
[11-Jun-2016 09:37:08 Asia/Tokyo] 56ポイントのダメージを与えた！
[11-Jun-2016 09:37:12 Asia/Tokyo] POSTされた！
[11-Jun-2016 09:37:12 Asia/Tokyo] 攻撃した！
[11-Jun-2016 09:37:12 Asia/Tokyo] 88ポイントのダメージを与えた！
[11-Jun-2016 09:37:12 Asia/Tokyo] ゲームオーバー！
[11-Jun-2016 09:41:28 Asia/Tokyo] POSTされた！
[11-Jun-2016 09:41:28 Asia/Tokyo] PHP Notice:  Undefined index: history in /Applications/MAMP/htdocs/framework_lesson01_2/index.php on line 94
[11-Jun-2016 09:41:28 Asia/Tokyo] PHP Notice:  Undefined index: hp in /Applications/MAMP/htdocs/framework_lesson01_2/index.php on line 98
[11-Jun-2016 09:41:28 Asia/Tokyo] PHP Notice:  Undefined index: attack in /Applications/MAMP/htdocs/framework_lesson01_2/index.php on line 100
[11-Jun-2016 09:41:28 Asia/Tokyo] PHP Notice:  Undefined index: myhp in /Applications/MAMP/htdocs/framework_lesson01_2/index.php on line 100
[11-Jun-2016 09:41:31 Asia/Tokyo] POSTされた！
[11-Jun-2016 09:41:31 Asia/Tokyo] PHP Notice:  Undefined index: history in /Applications/MAMP/htdocs/framework_lesson01_2/index.php on line 89
[11-Jun-2016 09:41:56 Asia/Tokyo] POSTされた！
[11-Jun-2016 09:42:10 Asia/Tokyo] POSTされた！
[11-Jun-2016 09:43:13 Asia/Tokyo] POSTされた！
[11-Jun-2016 09:43:19 Asia/Tokyo] POSTされた！
[11-Jun-2016 09:43:22 Asia/Tokyo] POSTされた！
[11-Jun-2016 09:44:22 Asia/Tokyo] POSTされた！
[11-Jun-2016 09:44:32 Asia/Tokyo] POSTされた！
[11-Jun-2016 09:44:41 Asia/Tokyo] POSTされた！
[11-Jun-2016 09:45:13 Asia/Tokyo] POSTされた！
[11-Jun-2016 09:45:15 Asia/Tokyo] POSTされた！
[11-Jun-2016 09:45:21 Asia/Tokyo] POSTされた！
[11-Jun-2016 09:45:52 Asia/Tokyo] POSTされた！
[11-Jun-2016 09:45:55 Asia/Tokyo] POSTされた！
[11-Jun-2016 09:45:55 Asia/Tokyo] PHP Notice:  Undefined index: history in /Applications/MAMP/htdocs/framework_lesson01_2/index.php on line 89
[11-Jun-2016 09:46:27 Asia/Tokyo] POSTされた！
[11-Jun-2016 09:46:38 Asia/Tokyo] POSTされた！
[11-Jun-2016 09:46:48 Asia/Tokyo] POSTされた！
[11-Jun-2016 09:46:49 Asia/Tokyo] POSTされた！
[11-Jun-2016 09:46:50 Asia/Tokyo] POSTされた！
[11-Jun-2016 09:46:51 Asia/Tokyo] POSTされた！
[11-Jun-2016 09:46:53 Asia/Tokyo] POSTされた！
[11-Jun-2016 09:46:59 Asia/Tokyo] POSTされた！
[11-Jun-2016 09:47:00 Asia/Tokyo] POSTされた！
[11-Jun-2016 09:47:00 Asia/Tokyo] POSTされた！
[11-Jun-2016 09:47:01 Asia/Tokyo] POSTされた！
[11-Jun-2016 09:47:02 Asia/Tokyo] POSTされた！
[11-Jun-2016 09:47:02 Asia/Tokyo] POSTされた！
[11-Jun-2016 09:47:02 Asia/Tokyo] POSTされた！
[11-Jun-2016 09:47:03 Asia/Tokyo] POSTされた！
[11-Jun-2016 09:47:03 Asia/Tokyo] POSTされた！
[11-Jun-2016 09:47:51 Asia/Tokyo] POSTされた！
[11-Jun-2016 09:47:52 Asia/Tokyo] POSTされた！
[11-Jun-2016 09:47:52 Asia/Tokyo] POSTされた！
[11-Jun-2016 09:47:53 Asia/Tokyo] POSTされた！
[11-Jun-2016 09:47:53 Asia/Tokyo] POSTされた！
[11-Jun-2016 09:47:53 Asia/Tokyo] POSTされた！
[11-Jun-2016 09:47:53 Asia/Tokyo] POSTされた！
[11-Jun-2016 09:47:53 Asia/Tokyo] POSTされた！
[11-Jun-2016 09:47:53 Asia/Tokyo] POSTされた！
[11-Jun-2016 09:47:54 Asia/Tokyo] POSTされた！
[11-Jun-2016 09:47:54 Asia/Tokyo] POSTされた！
[11-Jun-2016 09:47:54 Asia/Tokyo] POSTされた！
[11-Jun-2016 09:47:55 Asia/Tokyo] POSTされた！
[11-Jun-2016 09:47:55 Asia/Tokyo] POSTされた！
[11-Jun-2016 09:47:56 Asia/Tokyo] POSTされた！
[11-Jun-2016 09:48:25 Asia/Tokyo] POSTされた！
[11-Jun-2016 09:48:26 Asia/Tokyo] POSTされた！
[11-Jun-2016 09:48:26 Asia/Tokyo] POSTされた！
[11-Jun-2016 09:48:26 Asia/Tokyo] POSTされた！
[11-Jun-2016 09:48:26 Asia/Tokyo] POSTされた！
[11-Jun-2016 09:48:27 Asia/Tokyo] POSTされた！
[11-Jun-2016 09:48:27 Asia/Tokyo] POSTされた！
[11-Jun-2016 09:48:27 Asia/Tokyo] POSTされた！
[11-Jun-2016 09:48:27 Asia/Tokyo] POSTされた！
[11-Jun-2016 09:48:28 Asia/Tokyo] POSTされた！
[11-Jun-2016 09:48:28 Asia/Tokyo] POSTされた！
[11-Jun-2016 09:48:29 Asia/Tokyo] POSTされた！
[11-Jun-2016 09:48:30 Asia/Tokyo] POSTされた！
[11-Jun-2016 09:48:30 Asia/Tokyo] POSTされた！
[11-Jun-2016 09:54:55 Asia/Tokyo] POSTされた！
[11-Jun-2016 09:54:58 Asia/Tokyo] POSTされた！
[11-Jun-2016 09:55:05 Asia/Tokyo] POSTされた！
[11-Jun-2016 09:55:05 Asia/Tokyo] POSTされた！
[11-Jun-2016 09:55:06 Asia/Tokyo] POSTされた！
[11-Jun-2016 09:55:06 Asia/Tokyo] POSTされた！
[11-Jun-2016 09:55:07 Asia/Tokyo] POSTされた！
[11-Jun-2016 09:55:07 Asia/Tokyo] POSTされた！
[11-Jun-2016 09:55:07 Asia/Tokyo] POSTされた！
[11-Jun-2016 09:55:08 Asia/Tokyo] POSTされた！
[11-Jun-2016 09:55:08 Asia/Tokyo] POSTされた！
[11-Jun-2016 09:55:08 Asia/Tokyo] POSTされた！
[11-Jun-2016 09:55:09 Asia/Tokyo] POSTされた！
[11-Jun-2016 09:55:09 Asia/Tokyo] POSTされた！
[11-Jun-2016 09:55:10 Asia/Tokyo] POSTされた！
[11-Jun-2016 09:55:15 Asia/Tokyo] POSTされた！
[11-Jun-2016 09:55:15 Asia/Tokyo] PHP Notice:  Undefined index: history in /Applications/MAMP/htdocs/framework_lesson01_2/index.php on line 90
[11-Jun-2016 09:55:15 Asia/Tokyo] PHP Notice:  Undefined index: hp in /Applications/MAMP/htdocs/framework_lesson01_2/index.php on line 94
[11-Jun-2016 09:55:15 Asia/Tokyo] PHP Notice:  Undefined index: attack in /Applications/MAMP/htdocs/framework_lesson01_2/index.php on line 96
[11-Jun-2016 09:55:15 Asia/Tokyo] PHP Notice:  Undefined index: myhp in /Applications/MAMP/htdocs/framework_lesson01_2/index.php on line 96
[11-Jun-2016 09:55:58 Asia/Tokyo] PHP Notice:  Undefined index: name in /Applications/MAMP/htdocs/framework_lesson01_2/index.php on line 189
[11-Jun-2016 10:00:17 Asia/Tokyo] POSTされた！
[11-Jun-2016 10:00:33 Asia/Tokyo] POSTされた！
[11-Jun-2016 10:01:04 Asia/Tokyo] POSTされた！
[11-Jun-2016 10:01:04 Asia/Tokyo] POSTされた！
[11-Jun-2016 10:01:05 Asia/Tokyo] POSTされた！
[11-Jun-2016 10:01:05 Asia/Tokyo] POSTされた！
[11-Jun-2016 10:01:06 Asia/Tokyo] POSTされた！
[11-Jun-2016 10:01:06 Asia/Tokyo] POSTされた！
[11-Jun-2016 10:01:06 Asia/Tokyo] POSTされた！
[11-Jun-2016 10:01:06 Asia/Tokyo] POSTされた！
[11-Jun-2016 10:01:06 Asia/Tokyo] POSTされた！
[11-Jun-2016 10:01:06 Asia/Tokyo] POSTされた！
[11-Jun-2016 10:01:07 Asia/Tokyo] POSTされた！
[11-Jun-2016 10:01:07 Asia/Tokyo] POSTされた！
[11-Jun-2016 10:01:07 Asia/Tokyo] POSTされた！
[11-Jun-2016 10:01:08 Asia/Tokyo] POSTされた！
[11-Jun-2016 10:01:17 Asia/Tokyo] POSTされた！
[11-Jun-2016 10:01:18 Asia/Tokyo] POSTされた！
[11-Jun-2016 10:01:18 Asia/Tokyo] POSTされた！
[11-Jun-2016 10:01:19 Asia/Tokyo] POSTされた！
[11-Jun-2016 10:01:19 Asia/Tokyo] POSTされた！
[11-Jun-2016 10:01:19 Asia/Tokyo] POSTされた！
[11-Jun-2016 10:01:19 Asia/Tokyo] POSTされた！
[11-Jun-2016 10:01:19 Asia/Tokyo] POSTされた！
[11-Jun-2016 10:01:19 Asia/Tokyo] POSTされた！
[11-Jun-2016 10:01:20 Asia/Tokyo] POSTされた！
[11-Jun-2016 10:01:20 Asia/Tokyo] POSTされた！
[11-Jun-2016 10:01:20 Asia/Tokyo] POSTされた！
[11-Jun-2016 10:01:21 Asia/Tokyo] POSTされた！
[11-Jun-2016 10:01:21 Asia/Tokyo] POSTされた！
[11-Jun-2016 10:01:23 Asia/Tokyo] POSTされた！
[11-Jun-2016 10:02:20 Asia/Tokyo] POSTされた！
[11-Jun-2016 10:02:20 Asia/Tokyo] POSTされた！
[11-Jun-2016 10:02:20 Asia/Tokyo] POSTされた！
[11-Jun-2016 10:02:21 Asia/Tokyo] POSTされた！
[11-Jun-2016 10:02:21 Asia/Tokyo] POSTされた！
[11-Jun-2016 10:02:21 Asia/Tokyo] POSTされた！
[11-Jun-2016 10:02:21 Asia/Tokyo] POSTされた！
[11-Jun-2016 10:02:21 Asia/Tokyo] POSTされた！
[11-Jun-2016 10:02:21 Asia/Tokyo] POSTされた！
[11-Jun-2016 10:02:22 Asia/Tokyo] POSTされた！
[11-Jun-2016 10:02:22 Asia/Tokyo] POSTされた！
[11-Jun-2016 10:02:22 Asia/Tokyo] POSTされた！
[11-Jun-2016 10:02:22 Asia/Tokyo] POSTされた！
[11-Jun-2016 10:02:22 Asia/Tokyo] POSTされた！
[11-Jun-2016 10:02:24 Asia/Tokyo] POSTされた！
[11-Jun-2016 10:02:25 Asia/Tokyo] POSTされた！
[11-Jun-2016 10:02:25 Asia/Tokyo] POSTされた！
[11-Jun-2016 10:02:25 Asia/Tokyo] POSTされた！
[11-Jun-2016 10:02:25 Asia/Tokyo] POSTされた！
[11-Jun-2016 10:02:25 Asia/Tokyo] POSTされた！
[11-Jun-2016 10:02:34 Asia/Tokyo] POSTされた！
[11-Jun-2016 10:02:34 Asia/Tokyo] POSTされた！
[11-Jun-2016 10:02:34 Asia/Tokyo] POSTされた！
[11-Jun-2016 10:02:34 Asia/Tokyo] POSTされた！
[11-Jun-2016 10:02:34 Asia/Tokyo] POSTされた！
[11-Jun-2016 10:02:35 Asia/Tokyo] POSTされた！
[11-Jun-2016 10:02:35 Asia/Tokyo] POSTされた！
[11-Jun-2016 10:02:36 Asia/Tokyo] POSTされた！
[11-Jun-2016 10:02:37 Asia/Tokyo] POSTされた！
[11-Jun-2016 10:02:37 Asia/Tokyo] POSTされた！
[11-Jun-2016 10:02:37 Asia/Tokyo] POSTされた！
[11-Jun-2016 10:02:54 Asia/Tokyo] POSTされた！
[11-Jun-2016 10:02:55 Asia/Tokyo] POSTされた！
[11-Jun-2016 10:04:18 Asia/Tokyo] POSTされた！
[11-Jun-2016 10:04:22 Asia/Tokyo] POSTされた！
[11-Jun-2016 10:04:25 Asia/Tokyo] POSTされた！
[11-Jun-2016 10:04:29 Asia/Tokyo] POSTされた！
[11-Jun-2016 10:04:30 Asia/Tokyo] POSTされた！
[11-Jun-2016 10:04:30 Asia/Tokyo] POSTされた！
[11-Jun-2016 10:04:31 Asia/Tokyo] POSTされた！
[11-Jun-2016 10:04:31 Asia/Tokyo] POSTされた！
[11-Jun-2016 10:04:33 Asia/Tokyo] POSTされた！
[11-Jun-2016 10:04:34 Asia/Tokyo] POSTされた！
[11-Jun-2016 10:04:35 Asia/Tokyo] POSTされた！
[11-Jun-2016 10:04:35 Asia/Tokyo] POSTされた！
[11-Jun-2016 10:04:36 Asia/Tokyo] POSTされた！
[11-Jun-2016 10:04:36 Asia/Tokyo] POSTされた！
[11-Jun-2016 10:04:37 Asia/Tokyo] POSTされた！
[11-Jun-2016 10:04:37 Asia/Tokyo] POSTされた！
[11-Jun-2016 10:04:37 Asia/Tokyo] POSTされた！
[11-Jun-2016 10:04:38 Asia/Tokyo] POSTされた！
[11-Jun-2016 10:04:38 Asia/Tokyo] POSTされた！
[11-Jun-2016 10:04:38 Asia/Tokyo] POSTされた！
[11-Jun-2016 10:04:38 Asia/Tokyo] POSTされた！
[11-Jun-2016 10:04:39 Asia/Tokyo] POSTされた！
[11-Jun-2016 10:04:39 Asia/Tokyo] POSTされた！
[11-Jun-2016 10:04:40 Asia/Tokyo] POSTされた！
[11-Jun-2016 10:04:40 Asia/Tokyo] POSTされた！
[11-Jun-2016 10:04:47 Asia/Tokyo] POSTされた！
[11-Jun-2016 10:04:52 Asia/Tokyo] POSTされた！
[11-Jun-2016 10:05:17 Asia/Tokyo] POSTされた！
[11-Jun-2016 10:05:18 Asia/Tokyo] POSTされた！
[11-Jun-2016 10:05:37 Asia/Tokyo] POSTされた！
[11-Jun-2016 10:05:38 Asia/Tokyo] POSTされた！
[11-Jun-2016 10:05:43 Asia/Tokyo] POSTされた！
[11-Jun-2016 10:05:46 Asia/Tokyo] POSTされた！
[11-Jun-2016 10:05:46 Asia/Tokyo] POSTされた！
[11-Jun-2016 10:05:46 Asia/Tokyo] POSTされた！
[11-Jun-2016 10:05:49 Asia/Tokyo] POSTされた！
[11-Jun-2016 10:05:51 Asia/Tokyo] POSTされた！
[11-Jun-2016 10:05:51 Asia/Tokyo] POSTされた！
[11-Jun-2016 10:05:54 Asia/Tokyo] POSTされた！
[11-Jun-2016 10:06:00 Asia/Tokyo] POSTされた！
[11-Jun-2016 10:06:45 Asia/Tokyo] POSTされた！
[11-Jun-2016 10:06:50 Asia/Tokyo] POSTされた！
[11-Jun-2016 10:06:51 Asia/Tokyo] POSTされた！
[11-Jun-2016 10:06:51 Asia/Tokyo] POSTされた！
[11-Jun-2016 10:06:52 Asia/Tokyo] POSTされた！
[11-Jun-2016 10:06:53 Asia/Tokyo] POSTされた！
[11-Jun-2016 10:06:53 Asia/Tokyo] POSTされた！
[11-Jun-2016 10:06:54 Asia/Tokyo] POSTされた！
[11-Jun-2016 10:06:54 Asia/Tokyo] POSTされた！
[11-Jun-2016 10:06:55 Asia/Tokyo] POSTされた！
[11-Jun-2016 10:06:55 Asia/Tokyo] POSTされた！
[11-Jun-2016 10:07:13 Asia/Tokyo] POSTされた！
[11-Jun-2016 10:07:15 Asia/Tokyo] POSTされた！
[11-Jun-2016 10:07:16 Asia/Tokyo] POSTされた！
[11-Jun-2016 10:07:16 Asia/Tokyo] POSTされた！
[11-Jun-2016 10:07:19 Asia/Tokyo] POSTされた！
[11-Jun-2016 10:07:20 Asia/Tokyo] POSTされた！
[11-Jun-2016 10:07:23 Asia/Tokyo] POSTされた！
[11-Jun-2016 10:07:24 Asia/Tokyo] POSTされた！
[11-Jun-2016 10:07:25 Asia/Tokyo] POSTされた！
[11-Jun-2016 10:07:25 Asia/Tokyo] POSTされた！
[11-Jun-2016 10:07:26 Asia/Tokyo] POSTされた！
[11-Jun-2016 10:07:27 Asia/Tokyo] POSTされた！
[11-Jun-2016 10:07:28 Asia/Tokyo] POSTされた！
[11-Jun-2016 10:07:28 Asia/Tokyo] POSTされた！
[11-Jun-2016 10:07:29 Asia/Tokyo] POSTされた！
[11-Jun-2016 10:07:29 Asia/Tokyo] POSTされた！
[11-Jun-2016 10:07:30 Asia/Tokyo] POSTされた！
[11-Jun-2016 10:07:30 Asia/Tokyo] POSTされた！
[11-Jun-2016 10:07:31 Asia/Tokyo] POSTされた！
[11-Jun-2016 10:07:31 Asia/Tokyo] POSTされた！
[11-Jun-2016 10:07:32 Asia/Tokyo] POSTされた！
[11-Jun-2016 10:07:33 Asia/Tokyo] POSTされた！
[11-Jun-2016 10:13:46 Asia/Tokyo] POSTされた！
[11-Jun-2016 10:13:46 Asia/Tokyo] POSTされた！
[11-Jun-2016 10:13:46 Asia/Tokyo] POSTされた！
[11-Jun-2016 10:13:47 Asia/Tokyo] POSTされた！
[11-Jun-2016 10:13:47 Asia/Tokyo] POSTされた！
[11-Jun-2016 10:13:47 Asia/Tokyo] POSTされた！
[11-Jun-2016 10:13:47 Asia/Tokyo] POSTされた！
[11-Jun-2016 10:13:47 Asia/Tokyo] POSTされた！
[11-Jun-2016 10:13:48 Asia/Tokyo] POSTされた！
[11-Jun-2016 10:13:48 Asia/Tokyo] POSTされた！
[11-Jun-2016 10:13:48 Asia/Tokyo] POSTされた！
[11-Jun-2016 10:13:48 Asia/Tokyo] POSTされた！
[11-Jun-2016 10:13:48 Asia/Tokyo] POSTされた！
[11-Jun-2016 10:40:32 Asia/Tokyo] POSTされた！
[11-Jun-2016 10:40:36 Asia/Tokyo] POSTされた！
[11-Jun-2016 10:44:49 Asia/Tokyo] POSTされた！
[11-Jun-2016 10:44:51 Asia/Tokyo] POSTされた！
[11-Jun-2016 10:44:51 Asia/Tokyo] POSTされた！
[11-Jun-2016 10:44:52 Asia/Tokyo] POSTされた！
[11-Jun-2016 10:44:52 Asia/Tokyo] POSTされた！
[11-Jun-2016 10:44:53 Asia/Tokyo] POSTされた！
[11-Jun-2016 10:44:53 Asia/Tokyo] POSTされた！
[11-Jun-2016 10:44:54 Asia/Tokyo] POSTされた！
[11-Jun-2016 10:44:54 Asia/Tokyo] POSTされた！
[11-Jun-2016 10:44:54 Asia/Tokyo] POSTされた！
[11-Jun-2016 10:44:55 Asia/Tokyo] POSTされた！
[11-Jun-2016 10:44:55 Asia/Tokyo] POSTされた！
[11-Jun-2016 10:44:56 Asia/Tokyo] POSTされた！
[11-Jun-2016 10:44:57 Asia/Tokyo] POSTされた！
[11-Jun-2016 10:44:58 Asia/Tokyo] POSTされた！
[11-Jun-2016 10:44:58 Asia/Tokyo] POSTされた！
[11-Jun-2016 10:44:58 Asia/Tokyo] POSTされた！
[11-Jun-2016 10:44:58 Asia/Tokyo] POSTされた！
[11-Jun-2016 10:44:58 Asia/Tokyo] POSTされた！
[11-Jun-2016 10:44:59 Asia/Tokyo] POSTされた！
[11-Jun-2016 10:44:59 Asia/Tokyo] POSTされた！
[11-Jun-2016 10:44:59 Asia/Tokyo] POSTされた！
[11-Jun-2016 10:45:00 Asia/Tokyo] POSTされた！
[11-Jun-2016 10:45:00 Asia/Tokyo] POSTされた！
[11-Jun-2016 10:45:01 Asia/Tokyo] POSTされた！
[11-Jun-2016 10:45:01 Asia/Tokyo] POSTされた！
[11-Jun-2016 10:51:03 Asia/Tokyo] POSTされた！
[11-Jun-2016 10:51:08 Asia/Tokyo] POSTされた！
[11-Jun-2016 10:51:09 Asia/Tokyo] POSTされた！
[11-Jun-2016 10:51:09 Asia/Tokyo] POSTされた！
[11-Jun-2016 10:51:09 Asia/Tokyo] POSTされた！
[11-Jun-2016 10:51:10 Asia/Tokyo] POSTされた！
[11-Jun-2016 10:51:10 Asia/Tokyo] POSTされた！
[11-Jun-2016 10:51:23 Asia/Tokyo] POSTされた！
[11-Jun-2016 10:51:27 Asia/Tokyo] POSTされた！
[11-Jun-2016 10:51:28 Asia/Tokyo] POSTされた！
[11-Jun-2016 10:51:28 Asia/Tokyo] POSTされた！
[11-Jun-2016 10:51:28 Asia/Tokyo] POSTされた！
[11-Jun-2016 10:51:28 Asia/Tokyo] POSTされた！
[11-Jun-2016 10:51:29 Asia/Tokyo] POSTされた！
[11-Jun-2016 10:51:29 Asia/Tokyo] POSTされた！
[11-Jun-2016 10:56:11 Asia/Tokyo] PHP Notice:  Undefined index: monster in /Applications/MAMP/htdocs/framework_lesson01_2/index.php on line 168
[11-Jun-2016 10:56:35 Asia/Tokyo] POSTされた！
[11-Jun-2016 14:26:37 Asia/Tokyo] POSTされた！
[11-Jun-2016 14:26:49 Asia/Tokyo] POSTされた！
[11-Jun-2016 14:26:51 Asia/Tokyo] POSTされた！
[11-Jun-2016 14:26:53 Asia/Tokyo] POSTされた！
[11-Jun-2016 14:26:53 Asia/Tokyo] POSTされた！
[11-Jun-2016 14:26:54 Asia/Tokyo] POSTされた！
[11-Jun-2016 14:26:55 Asia/Tokyo] POSTされた！
[11-Jun-2016 14:26:55 Asia/Tokyo] POSTされた！
[11-Jun-2016 14:26:55 Asia/Tokyo] POSTされた！
[11-Jun-2016 14:26:56 Asia/Tokyo] POSTされた！
[11-Jun-2016 14:26:56 Asia/Tokyo] POSTされた！
[11-Jun-2016 14:26:56 Asia/Tokyo] POSTされた！
[11-Jun-2016 14:26:57 Asia/Tokyo] POSTされた！
[11-Jun-2016 14:26:57 Asia/Tokyo] POSTされた！
[11-Jun-2016 14:26:59 Asia/Tokyo] POSTされた！
[11-Jun-2016 14:29:05 Asia/Tokyo] POSTされた！
[11-Jun-2016 14:29:06 Asia/Tokyo] POSTされた！
[11-Jun-2016 14:29:07 Asia/Tokyo] POSTされた！
[11-Jun-2016 14:29:07 Asia/Tokyo] POSTされた！
[11-Jun-2016 14:29:07 Asia/Tokyo] POSTされた！
[11-Jun-2016 14:29:08 Asia/Tokyo] POSTされた！
[11-Jun-2016 14:29:08 Asia/Tokyo] POSTされた！
[11-Jun-2016 14:29:08 Asia/Tokyo] POSTされた！
[11-Jun-2016 14:29:08 Asia/Tokyo] POSTされた！
[11-Jun-2016 14:29:09 Asia/Tokyo] POSTされた！
[11-Jun-2016 14:29:09 Asia/Tokyo] POSTされた！
[11-Jun-2016 14:29:09 Asia/Tokyo] POSTされた！
[11-Jun-2016 14:29:11 Asia/Tokyo] POSTされた！
[11-Jun-2016 14:31:11 Asia/Tokyo] POSTされた！
[11-Jun-2016 14:31:12 Asia/Tokyo] POSTされた！
[11-Jun-2016 14:31:13 Asia/Tokyo] POSTされた！
[11-Jun-2016 14:31:13 Asia/Tokyo] POSTされた！
[11-Jun-2016 14:31:13 Asia/Tokyo] POSTされた！
[11-Jun-2016 14:31:14 Asia/Tokyo] POSTされた！
[11-Jun-2016 14:31:14 Asia/Tokyo] POSTされた！
[11-Jun-2016 14:31:14 Asia/Tokyo] POSTされた！
[11-Jun-2016 14:31:14 Asia/Tokyo] POSTされた！
[11-Jun-2016 14:31:15 Asia/Tokyo] POSTされた！
[11-Jun-2016 14:31:15 Asia/Tokyo] POSTされた！
[11-Jun-2016 14:31:15 Asia/Tokyo] POSTされた！
[11-Jun-2016 14:31:15 Asia/Tokyo] POSTされた！
[11-Jun-2016 14:31:18 Asia/Tokyo] POSTされた！
[11-Jun-2016 14:31:20 Asia/Tokyo] POSTされた！
[11-Jun-2016 14:31:20 Asia/Tokyo] POSTされた！
[11-Jun-2016 14:31:20 Asia/Tokyo] POSTされた！
[11-Jun-2016 14:31:21 Asia/Tokyo] POSTされた！
[11-Jun-2016 14:31:21 Asia/Tokyo] POSTされた！
[11-Jun-2016 14:31:22 Asia/Tokyo] POSTされた！
[11-Jun-2016 14:31:22 Asia/Tokyo] POSTされた！
[11-Jun-2016 14:31:23 Asia/Tokyo] POSTされた！
[11-Jun-2016 14:31:24 Asia/Tokyo] POSTされた！
[11-Jun-2016 14:31:24 Asia/Tokyo] POSTされた！
[11-Jun-2016 14:31:25 Asia/Tokyo] POSTされた！
[11-Jun-2016 14:31:26 Asia/Tokyo] POSTされた！
[11-Jun-2016 14:31:26 Asia/Tokyo] POSTされた！
[11-Jun-2016 14:52:33 Asia/Tokyo] POSTされた！
[11-Jun-2016 15:38:59 Asia/Tokyo] POSTされた！
[11-Jun-2016 15:39:01 Asia/Tokyo] POSTされた！
[11-Jun-2016 15:39:01 Asia/Tokyo] PHP Notice:  Undefined property: Monster::$getHp in /Applications/MAMP/htdocs/framework_lesson02/index.php on line 94
[11-Jun-2016 15:39:09 Asia/Tokyo] POSTされた！
[11-Jun-2016 15:39:09 Asia/Tokyo] PHP Notice:  Undefined property: Monster::$getHp in /Applications/MAMP/htdocs/framework_lesson02/index.php on line 94
[11-Jun-2016 15:40:10 Asia/Tokyo] POSTされた！
[11-Jun-2016 15:40:11 Asia/Tokyo] POSTされた！
[11-Jun-2016 15:40:11 Asia/Tokyo] PHP Notice:  Undefined property: Monster::$getHp in /Applications/MAMP/htdocs/framework_lesson02/index.php on line 94
[11-Jun-2016 15:40:13 Asia/Tokyo] POSTされた！
[11-Jun-2016 15:40:13 Asia/Tokyo] PHP Notice:  Undefined property: Monster::$getHp in /Applications/MAMP/htdocs/framework_lesson02/index.php on line 94
[11-Jun-2016 15:40:34 Asia/Tokyo] POSTされた！
[11-Jun-2016 15:40:34 Asia/Tokyo] PHP Notice:  Undefined property: Monster::$getHp in /Applications/MAMP/htdocs/framework_lesson02/index.php on line 94
[11-Jun-2016 15:40:38 Asia/Tokyo] POSTされた！
[11-Jun-2016 15:40:38 Asia/Tokyo] PHP Notice:  Undefined property: Monster::$getHp in /Applications/MAMP/htdocs/framework_lesson02/index.php on line 94
[11-Jun-2016 15:40:49 Asia/Tokyo] POSTされた！
[11-Jun-2016 15:40:49 Asia/Tokyo] PHP Notice:  Undefined property: Monster::$getHp in /Applications/MAMP/htdocs/framework_lesson02/index.php on line 94
[11-Jun-2016 15:40:58 Asia/Tokyo] POSTされた！
[11-Jun-2016 15:40:58 Asia/Tokyo] PHP Notice:  Undefined property: Monster::$getHp in /Applications/MAMP/htdocs/framework_lesson02/index.php on line 94
[11-Jun-2016 15:41:04 Asia/Tokyo] POSTされた！
[11-Jun-2016 15:41:04 Asia/Tokyo] PHP Notice:  Undefined property: Monster::$getHp in /Applications/MAMP/htdocs/framework_lesson02/index.php on line 94
[11-Jun-2016 15:41:06 Asia/Tokyo] POSTされた！
[11-Jun-2016 15:41:06 Asia/Tokyo] PHP Notice:  Undefined property: Monster::$getHp in /Applications/MAMP/htdocs/framework_lesson02/index.php on line 94
[11-Jun-2016 15:41:07 Asia/Tokyo] POSTされた！
[11-Jun-2016 15:41:07 Asia/Tokyo] PHP Notice:  Undefined property: Monster::$getHp in /Applications/MAMP/htdocs/framework_lesson02/index.php on line 94
[11-Jun-2016 15:41:09 Asia/Tokyo] POSTされた！
[11-Jun-2016 15:41:09 Asia/Tokyo] PHP Notice:  Undefined property: Monster::$getHp in /Applications/MAMP/htdocs/framework_lesson02/index.php on line 94
[11-Jun-2016 15:41:12 Asia/Tokyo] POSTされた！
[11-Jun-2016 15:41:12 Asia/Tokyo] PHP Notice:  Undefined property: Monster::$getHp in /Applications/MAMP/htdocs/framework_lesson02/index.php on line 94
[11-Jun-2016 15:41:13 Asia/Tokyo] POSTされた！
[11-Jun-2016 15:41:13 Asia/Tokyo] PHP Notice:  Undefined property: Monster::$getHp in /Applications/MAMP/htdocs/framework_lesson02/index.php on line 94
[11-Jun-2016 15:41:15 Asia/Tokyo] POSTされた！
[11-Jun-2016 15:41:15 Asia/Tokyo] PHP Notice:  Undefined property: Monster::$getHp in /Applications/MAMP/htdocs/framework_lesson02/index.php on line 94
[11-Jun-2016 15:41:52 Asia/Tokyo] POSTされた！
[11-Jun-2016 15:41:52 Asia/Tokyo] PHP Notice:  Undefined property: Monster::$getHp in /Applications/MAMP/htdocs/framework_lesson02/index.php on line 94
[11-Jun-2016 15:47:30 Asia/Tokyo] POSTされた！
[11-Jun-2016 15:47:32 Asia/Tokyo] POSTされた！
[11-Jun-2016 15:47:32 Asia/Tokyo] PHP Notice:  Undefined property: Monster::$getHp in /Applications/MAMP/htdocs/framework_lesson02/index.php on line 94
[11-Jun-2016 15:47:36 Asia/Tokyo] POSTされた！
[11-Jun-2016 15:47:36 Asia/Tokyo] PHP Notice:  Undefined property: Monster::$getHp in /Applications/MAMP/htdocs/framework_lesson02/index.php on line 94
[11-Jun-2016 15:48:46 Asia/Tokyo] POSTされた！
[11-Jun-2016 15:48:46 Asia/Tokyo] PHP Notice:  Undefined property: Monster::$getHp in /Applications/MAMP/htdocs/framework_lesson02/index.php on line 94
[11-Jun-2016 15:48:47 Asia/Tokyo] POSTされた！
[11-Jun-2016 15:48:47 Asia/Tokyo] PHP Notice:  Undefined property: Monster::$getHp in /Applications/MAMP/htdocs/framework_lesson02/index.php on line 94
[11-Jun-2016 15:48:48 Asia/Tokyo] POSTされた！
[11-Jun-2016 15:48:48 Asia/Tokyo] PHP Notice:  Undefined property: Monster::$getHp in /Applications/MAMP/htdocs/framework_lesson02/index.php on line 94
[11-Jun-2016 15:48:48 Asia/Tokyo] POSTされた！
[11-Jun-2016 15:48:48 Asia/Tokyo] PHP Notice:  Undefined property: Monster::$getHp in /Applications/MAMP/htdocs/framework_lesson02/index.php on line 94
[11-Jun-2016 15:49:54 Asia/Tokyo] POSTされた！
[11-Jun-2016 15:49:54 Asia/Tokyo] PHP Notice:  Undefined property: Monster::$getHp in /Applications/MAMP/htdocs/framework_lesson02/index.php on line 94
[11-Jun-2016 15:49:55 Asia/Tokyo] POSTされた！
[11-Jun-2016 15:49:55 Asia/Tokyo] PHP Notice:  Undefined property: Monster::$getHp in /Applications/MAMP/htdocs/framework_lesson02/index.php on line 94
[11-Jun-2016 15:49:56 Asia/Tokyo] POSTされた！
[11-Jun-2016 15:49:56 Asia/Tokyo] PHP Notice:  Undefined property: Monster::$getHp in /Applications/MAMP/htdocs/framework_lesson02/index.php on line 94
[11-Jun-2016 15:50:34 Asia/Tokyo] POSTされた！
[11-Jun-2016 15:50:34 Asia/Tokyo] PHP Notice:  Undefined property: Monster::$getHp in /Applications/MAMP/htdocs/framework_lesson02/index.php on line 94
[11-Jun-2016 15:50:50 Asia/Tokyo] POSTされた！
[11-Jun-2016 15:50:50 Asia/Tokyo] PHP Notice:  Undefined property: Monster::$getHp in /Applications/MAMP/htdocs/framework_lesson02/index.php on line 94
[11-Jun-2016 15:50:55 Asia/Tokyo] POSTされた！
[11-Jun-2016 15:50:55 Asia/Tokyo] PHP Notice:  Undefined property: Monster::$getHp in /Applications/MAMP/htdocs/framework_lesson02/index.php on line 94
[11-Jun-2016 15:51:48 Asia/Tokyo] POSTされた！
[11-Jun-2016 15:51:49 Asia/Tokyo] POSTされた！
[11-Jun-2016 15:51:49 Asia/Tokyo] PHP Notice:  Undefined property: Monster::$getHp in /Applications/MAMP/htdocs/framework_lesson02/index.php on line 94
[11-Jun-2016 15:51:49 Asia/Tokyo] PHP Catchable fatal error:  Object of class Monster could not be converted to string in /Applications/MAMP/htdocs/framework_lesson02/index.php on line 94
[11-Jun-2016 15:52:06 Asia/Tokyo] POSTされた！
[11-Jun-2016 15:52:06 Asia/Tokyo] PHP Notice:  Undefined property: Monster::$getHp in /Applications/MAMP/htdocs/framework_lesson02/index.php on line 94
[11-Jun-2016 15:52:06 Asia/Tokyo] PHP Catchable fatal error:  Object of class Monster could not be converted to string in /Applications/MAMP/htdocs/framework_lesson02/index.php on line 94
[11-Jun-2016 15:52:28 Asia/Tokyo] POSTされた！
[11-Jun-2016 15:52:28 Asia/Tokyo] PHP Catchable fatal error:  Object of class Monster could not be converted to string in /Applications/MAMP/htdocs/framework_lesson02/index.php on line 94
[11-Jun-2016 15:52:49 Asia/Tokyo] POSTされた！
[11-Jun-2016 15:52:54 Asia/Tokyo] POSTされた！
[11-Jun-2016 15:53:20 Asia/Tokyo] POSTされた！
[11-Jun-2016 15:53:20 Asia/Tokyo] PHP Notice:  Undefined property: Monster::$getHp in /Applications/MAMP/htdocs/framework_lesson02/index.php on line 94
[11-Jun-2016 15:53:21 Asia/Tokyo] POSTされた！
[11-Jun-2016 15:53:21 Asia/Tokyo] PHP Notice:  Undefined property: Monster::$getHp in /Applications/MAMP/htdocs/framework_lesson02/index.php on line 94
[11-Jun-2016 15:53:41 Asia/Tokyo] POSTされた！
[11-Jun-2016 15:53:41 Asia/Tokyo] POSTされた！
[11-Jun-2016 15:53:48 Asia/Tokyo] POSTされた！
[11-Jun-2016 15:53:57 Asia/Tokyo] POSTされた！
[11-Jun-2016 15:54:01 Asia/Tokyo] POSTされた！
[11-Jun-2016 15:54:04 Asia/Tokyo] POSTされた！
[11-Jun-2016 15:55:11 Asia/Tokyo] POSTされた！
[11-Jun-2016 15:55:12 Asia/Tokyo] POSTされた！
[11-Jun-2016 15:55:14 Asia/Tokyo] POSTされた！
[11-Jun-2016 15:55:18 Asia/Tokyo] POSTされた！
[11-Jun-2016 15:55:23 Asia/Tokyo] POSTされた！
[11-Jun-2016 15:55:33 Asia/Tokyo] POSTされた！
[11-Jun-2016 15:55:40 Asia/Tokyo] POSTされた！
[11-Jun-2016 15:56:19 Asia/Tokyo] POSTされた！
[11-Jun-2016 15:56:20 Asia/Tokyo] POSTされた！
[11-Jun-2016 15:56:23 Asia/Tokyo] POSTされた！
[11-Jun-2016 15:56:33 Asia/Tokyo] POSTされた！
[11-Jun-2016 15:57:47 Asia/Tokyo] POSTされた！
[11-Jun-2016 15:57:48 Asia/Tokyo] POSTされた！
[11-Jun-2016 15:57:53 Asia/Tokyo] POSTされた！
[11-Jun-2016 15:57:59 Asia/Tokyo] POSTされた！
[11-Jun-2016 15:59:11 Asia/Tokyo] POSTされた！
[11-Jun-2016 15:59:13 Asia/Tokyo] POSTされた！
[11-Jun-2016 15:59:14 Asia/Tokyo] POSTされた！
[11-Jun-2016 15:59:27 Asia/Tokyo] POSTされた！
[11-Jun-2016 15:59:33 Asia/Tokyo] POSTされた！
[11-Jun-2016 15:59:37 Asia/Tokyo] POSTされた！
[11-Jun-2016 15:59:39 Asia/Tokyo] POSTされた！
[11-Jun-2016 15:59:41 Asia/Tokyo] POSTされた！
[11-Jun-2016 15:59:43 Asia/Tokyo] POSTされた！
[11-Jun-2016 15:59:45 Asia/Tokyo] POSTされた！
[11-Jun-2016 15:59:48 Asia/Tokyo] POSTされた！
[11-Jun-2016 16:02:00 Asia/Tokyo] POSTされた！
[11-Jun-2016 16:02:06 Asia/Tokyo] POSTされた！
[11-Jun-2016 16:02:08 Asia/Tokyo] POSTされた！
[11-Jun-2016 16:02:28 Asia/Tokyo] POSTされた！
[11-Jun-2016 16:02:28 Asia/Tokyo] POSTされた！
[11-Jun-2016 16:02:32 Asia/Tokyo] POSTされた！
[11-Jun-2016 16:02:34 Asia/Tokyo] POSTされた！
[11-Jun-2016 16:02:40 Asia/Tokyo] POSTされた！
[11-Jun-2016 16:02:43 Asia/Tokyo] POSTされた！
[11-Jun-2016 16:02:46 Asia/Tokyo] POSTされた！
[11-Jun-2016 16:02:50 Asia/Tokyo] POSTされた！
[11-Jun-2016 16:04:29 Asia/Tokyo] POSTされた！
[11-Jun-2016 16:04:30 Asia/Tokyo] POSTされた！
[11-Jun-2016 16:04:30 Asia/Tokyo] POSTされた！
[11-Jun-2016 16:04:31 Asia/Tokyo] POSTされた！
[11-Jun-2016 16:04:32 Asia/Tokyo] POSTされた！
[11-Jun-2016 16:04:35 Asia/Tokyo] POSTされた！
[11-Jun-2016 16:04:36 Asia/Tokyo] POSTされた！
[11-Jun-2016 16:04:37 Asia/Tokyo] POSTされた！
[11-Jun-2016 16:04:37 Asia/Tokyo] POSTされた！
[11-Jun-2016 16:04:37 Asia/Tokyo] POSTされた！
[11-Jun-2016 16:04:38 Asia/Tokyo] POSTされた！
[11-Jun-2016 16:06:16 Asia/Tokyo] POSTされた！
[11-Jun-2016 16:06:18 Asia/Tokyo] POSTされた！
[11-Jun-2016 16:06:21 Asia/Tokyo] POSTされた！
[11-Jun-2016 16:06:21 Asia/Tokyo] POSTされた！
[11-Jun-2016 16:06:22 Asia/Tokyo] POSTされた！
[11-Jun-2016 16:06:22 Asia/Tokyo] POSTされた！
[11-Jun-2016 16:06:22 Asia/Tokyo] POSTされた！
[11-Jun-2016 16:06:22 Asia/Tokyo] POSTされた！
[11-Jun-2016 16:06:23 Asia/Tokyo] POSTされた！
[11-Jun-2016 16:06:23 Asia/Tokyo] POSTされた！
[11-Jun-2016 16:06:29 Asia/Tokyo] POSTされた！
[11-Jun-2016 16:06:31 Asia/Tokyo] POSTされた！
[11-Jun-2016 16:06:31 Asia/Tokyo] POSTされた！
[11-Jun-2016 16:06:31 Asia/Tokyo] POSTされた！
[11-Jun-2016 16:06:31 Asia/Tokyo] POSTされた！
[11-Jun-2016 16:06:33 Asia/Tokyo] POSTされた！
[11-Jun-2016 16:06:33 Asia/Tokyo] POSTされた！
[11-Jun-2016 16:06:34 Asia/Tokyo] POSTされた！
[11-Jun-2016 16:06:34 Asia/Tokyo] POSTされた！
[11-Jun-2016 16:06:34 Asia/Tokyo] POSTされた！
[11-Jun-2016 16:06:34 Asia/Tokyo] POSTされた！
[11-Jun-2016 16:06:34 Asia/Tokyo] POSTされた！
[11-Jun-2016 16:06:34 Asia/Tokyo] POSTされた！
[11-Jun-2016 16:09:38 Asia/Tokyo] POSTされた！
[11-Jun-2016 16:09:39 Asia/Tokyo] POSTされた！
[11-Jun-2016 16:09:40 Asia/Tokyo] POSTされた！
[11-Jun-2016 16:09:40 Asia/Tokyo] POSTされた！
[11-Jun-2016 16:09:40 Asia/Tokyo] POSTされた！
[11-Jun-2016 16:09:40 Asia/Tokyo] POSTされた！
[11-Jun-2016 16:09:40 Asia/Tokyo] POSTされた！
[11-Jun-2016 16:09:41 Asia/Tokyo] POSTされた！
[11-Jun-2016 16:09:41 Asia/Tokyo] POSTされた！
[11-Jun-2016 16:09:41 Asia/Tokyo] POSTされた！
[11-Jun-2016 16:09:41 Asia/Tokyo] POSTされた！
[11-Jun-2016 16:09:42 Asia/Tokyo] POSTされた！
[11-Jun-2016 16:09:43 Asia/Tokyo] POSTされた！
[11-Jun-2016 16:09:44 Asia/Tokyo] POSTされた！
[11-Jun-2016 16:09:44 Asia/Tokyo] POSTされた！
[11-Jun-2016 16:09:44 Asia/Tokyo] POSTされた！
[11-Jun-2016 16:09:44 Asia/Tokyo] POSTされた！
[11-Jun-2016 16:09:45 Asia/Tokyo] POSTされた！
[11-Jun-2016 16:09:45 Asia/Tokyo] POSTされた！
[11-Jun-2016 16:09:48 Asia/Tokyo] POSTされた！
[11-Jun-2016 16:09:51 Asia/Tokyo] POSTされた！
[11-Jun-2016 16:09:54 Asia/Tokyo] POSTされた！
[11-Jun-2016 16:09:57 Asia/Tokyo] POSTされた！
[11-Jun-2016 16:09:58 Asia/Tokyo] POSTされた！
[11-Jun-2016 16:10:03 Asia/Tokyo] POSTされた！
[11-Jun-2016 16:10:06 Asia/Tokyo] POSTされた！
[11-Jun-2016 16:11:51 Asia/Tokyo] POSTされた！
[11-Jun-2016 16:11:52 Asia/Tokyo] POSTされた！
[11-Jun-2016 16:11:53 Asia/Tokyo] POSTされた！
[11-Jun-2016 16:11:55 Asia/Tokyo] POSTされた！
[11-Jun-2016 16:11:55 Asia/Tokyo] POSTされた！
[11-Jun-2016 16:11:57 Asia/Tokyo] POSTされた！
[11-Jun-2016 16:11:58 Asia/Tokyo] POSTされた！
[11-Jun-2016 16:11:59 Asia/Tokyo] POSTされた！
[11-Jun-2016 16:12:00 Asia/Tokyo] POSTされた！
[11-Jun-2016 16:12:00 Asia/Tokyo] POSTされた！
[11-Jun-2016 16:12:01 Asia/Tokyo] POSTされた！
[11-Jun-2016 16:12:02 Asia/Tokyo] POSTされた！
[11-Jun-2016 16:12:02 Asia/Tokyo] POSTされた！
[11-Jun-2016 16:12:03 Asia/Tokyo] POSTされた！
[11-Jun-2016 16:12:04 Asia/Tokyo] POSTされた！
[11-Jun-2016 16:12:04 Asia/Tokyo] POSTされた！
[11-Jun-2016 16:12:05 Asia/Tokyo] POSTされた！
[11-Jun-2016 16:12:05 Asia/Tokyo] POSTされた！
[11-Jun-2016 16:12:06 Asia/Tokyo] POSTされた！
[11-Jun-2016 23:04:44 Asia/Tokyo] POSTされた！
[11-Jun-2016 23:04:46 Asia/Tokyo] POSTされた！
[11-Jun-2016 23:04:47 Asia/Tokyo] POSTされた！
[11-Jun-2016 23:04:48 Asia/Tokyo] POSTされた！
[11-Jun-2016 23:04:49 Asia/Tokyo] POSTされた！
[11-Jun-2016 23:04:50 Asia/Tokyo] POSTされた！
[11-Jun-2016 23:04:50 Asia/Tokyo] POSTされた！
[11-Jun-2016 23:04:51 Asia/Tokyo] POSTされた！
[11-Jun-2016 23:04:55 Asia/Tokyo] POSTされた！
[11-Jun-2016 23:05:51 Asia/Tokyo] POSTされた！
[11-Jun-2016 23:05:53 Asia/Tokyo] POSTされた！
[11-Jun-2016 23:05:55 Asia/Tokyo] POSTされた！
[11-Jun-2016 23:05:56 Asia/Tokyo] POSTされた！
[11-Jun-2016 23:05:57 Asia/Tokyo] POSTされた！
[11-Jun-2016 23:06:41 Asia/Tokyo] POSTされた！
[11-Jun-2016 23:06:42 Asia/Tokyo] POSTされた！
[11-Jun-2016 23:06:43 Asia/Tokyo] POSTされた！
[11-Jun-2016 23:06:44 Asia/Tokyo] POSTされた！
[11-Jun-2016 23:06:51 Asia/Tokyo] POSTされた！
[11-Jun-2016 23:06:53 Asia/Tokyo] POSTされた！
[12-Jun-2016 01:22:06 Asia/Tokyo] POSTされた！
[12-Jun-2016 01:22:08 Asia/Tokyo] POSTされた！
[12-Jun-2016 01:22:08 Asia/Tokyo] POSTされた！
[12-Jun-2016 01:22:08 Asia/Tokyo] POSTされた！
[12-Jun-2016 01:22:08 Asia/Tokyo] POSTされた！
[12-Jun-2016 01:22:08 Asia/Tokyo] POSTされた！
[12-Jun-2016 01:22:08 Asia/Tokyo] POSTされた！
[12-Jun-2016 01:22:09 Asia/Tokyo] POSTされた！
[12-Jun-2016 01:22:09 Asia/Tokyo] POSTされた！
[12-Jun-2016 01:22:09 Asia/Tokyo] POSTされた！
[12-Jun-2016 01:39:19 Asia/Tokyo] PHP Warning:  Missing argument 1 for Monster::__construct(), called in /Applications/MAMP/htdocs/framework_lesson03/index.php on line 55 and defined in /Applications/MAMP/htdocs/framework_lesson03/index.php on line 19
[12-Jun-2016 01:39:19 Asia/Tokyo] PHP Warning:  Missing argument 2 for Monster::__construct(), called in /Applications/MAMP/htdocs/framework_lesson03/index.php on line 55 and defined in /Applications/MAMP/htdocs/framework_lesson03/index.php on line 19
[12-Jun-2016 01:39:19 Asia/Tokyo] PHP Warning:  Missing argument 3 for Monster::__construct(), called in /Applications/MAMP/htdocs/framework_lesson03/index.php on line 55 and defined in /Applications/MAMP/htdocs/framework_lesson03/index.php on line 19
[12-Jun-2016 01:39:19 Asia/Tokyo] PHP Warning:  Missing argument 4 for Monster::__construct(), called in /Applications/MAMP/htdocs/framework_lesson03/index.php on line 55 and defined in /Applications/MAMP/htdocs/framework_lesson03/index.php on line 19
[12-Jun-2016 01:39:19 Asia/Tokyo] PHP Notice:  Undefined variable: name in /Applications/MAMP/htdocs/framework_lesson03/index.php on line 20
[12-Jun-2016 01:39:19 Asia/Tokyo] PHP Notice:  Undefined variable: hp in /Applications/MAMP/htdocs/framework_lesson03/index.php on line 21
[12-Jun-2016 01:39:19 Asia/Tokyo] PHP Notice:  Undefined variable: img in /Applications/MAMP/htdocs/framework_lesson03/index.php on line 22
[12-Jun-2016 01:39:19 Asia/Tokyo] PHP Notice:  Undefined variable: attack in /Applications/MAMP/htdocs/framework_lesson03/index.php on line 23
[12-Jun-2016 01:39:19 Asia/Tokyo] PHP Warning:  Missing argument 1 for Monster::__construct(), called in /Applications/MAMP/htdocs/framework_lesson03/index.php on line 55 and defined in /Applications/MAMP/htdocs/framework_lesson03/index.php on line 19
[12-Jun-2016 01:39:19 Asia/Tokyo] PHP Warning:  Missing argument 2 for Monster::__construct(), called in /Applications/MAMP/htdocs/framework_lesson03/index.php on line 55 and defined in /Applications/MAMP/htdocs/framework_lesson03/index.php on line 19
[12-Jun-2016 01:39:19 Asia/Tokyo] PHP Warning:  Missing argument 3 for Monster::__construct(), called in /Applications/MAMP/htdocs/framework_lesson03/index.php on line 55 and defined in /Applications/MAMP/htdocs/framework_lesson03/index.php on line 19
[12-Jun-2016 01:39:19 Asia/Tokyo] PHP Warning:  Missing argument 4 for Monster::__construct(), called in /Applications/MAMP/htdocs/framework_lesson03/index.php on line 55 and defined in /Applications/MAMP/htdocs/framework_lesson03/index.php on line 19
[12-Jun-2016 01:39:19 Asia/Tokyo] PHP Notice:  Undefined variable: name in /Applications/MAMP/htdocs/framework_lesson03/index.php on line 20
[12-Jun-2016 01:39:19 Asia/Tokyo] PHP Notice:  Undefined variable: hp in /Applications/MAMP/htdocs/framework_lesson03/index.php on line 21
[12-Jun-2016 01:39:19 Asia/Tokyo] PHP Notice:  Undefined variable: img in /Applications/MAMP/htdocs/framework_lesson03/index.php on line 22
[12-Jun-2016 01:39:19 Asia/Tokyo] PHP Notice:  Undefined variable: attack in /Applications/MAMP/htdocs/framework_lesson03/index.php on line 23
[12-Jun-2016 01:39:19 Asia/Tokyo] POSTされた！
[12-Jun-2016 01:42:25 Asia/Tokyo] PHP Warning:  Missing argument 1 for Monster::Monster(), called in /Applications/MAMP/htdocs/framework_lesson03/index.php on line 55 and defined in /Applications/MAMP/htdocs/framework_lesson03/index.php on line 19
[12-Jun-2016 01:42:25 Asia/Tokyo] PHP Warning:  Missing argument 2 for Monster::Monster(), called in /Applications/MAMP/htdocs/framework_lesson03/index.php on line 55 and defined in /Applications/MAMP/htdocs/framework_lesson03/index.php on line 19
[12-Jun-2016 01:42:25 Asia/Tokyo] PHP Warning:  Missing argument 3 for Monster::Monster(), called in /Applications/MAMP/htdocs/framework_lesson03/index.php on line 55 and defined in /Applications/MAMP/htdocs/framework_lesson03/index.php on line 19
[12-Jun-2016 01:42:25 Asia/Tokyo] PHP Warning:  Missing argument 4 for Monster::Monster(), called in /Applications/MAMP/htdocs/framework_lesson03/index.php on line 55 and defined in /Applications/MAMP/htdocs/framework_lesson03/index.php on line 19
[12-Jun-2016 01:42:25 Asia/Tokyo] PHP Notice:  Undefined variable: name in /Applications/MAMP/htdocs/framework_lesson03/index.php on line 20
[12-Jun-2016 01:42:25 Asia/Tokyo] PHP Notice:  Undefined variable: hp in /Applications/MAMP/htdocs/framework_lesson03/index.php on line 21
[12-Jun-2016 01:42:25 Asia/Tokyo] PHP Notice:  Undefined variable: img in /Applications/MAMP/htdocs/framework_lesson03/index.php on line 22
[12-Jun-2016 01:42:25 Asia/Tokyo] PHP Notice:  Undefined variable: attack in /Applications/MAMP/htdocs/framework_lesson03/index.php on line 23
[12-Jun-2016 01:42:25 Asia/Tokyo] PHP Warning:  Missing argument 1 for Monster::Monster(), called in /Applications/MAMP/htdocs/framework_lesson03/index.php on line 55 and defined in /Applications/MAMP/htdocs/framework_lesson03/index.php on line 19
[12-Jun-2016 01:42:25 Asia/Tokyo] PHP Warning:  Missing argument 2 for Monster::Monster(), called in /Applications/MAMP/htdocs/framework_lesson03/index.php on line 55 and defined in /Applications/MAMP/htdocs/framework_lesson03/index.php on line 19
[12-Jun-2016 01:42:25 Asia/Tokyo] PHP Warning:  Missing argument 3 for Monster::Monster(), called in /Applications/MAMP/htdocs/framework_lesson03/index.php on line 55 and defined in /Applications/MAMP/htdocs/framework_lesson03/index.php on line 19
[12-Jun-2016 01:42:25 Asia/Tokyo] PHP Warning:  Missing argument 4 for Monster::Monster(), called in /Applications/MAMP/htdocs/framework_lesson03/index.php on line 55 and defined in /Applications/MAMP/htdocs/framework_lesson03/index.php on line 19
[12-Jun-2016 01:42:25 Asia/Tokyo] PHP Notice:  Undefined variable: name in /Applications/MAMP/htdocs/framework_lesson03/index.php on line 20
[12-Jun-2016 01:42:25 Asia/Tokyo] PHP Notice:  Undefined variable: hp in /Applications/MAMP/htdocs/framework_lesson03/index.php on line 21
[12-Jun-2016 01:42:25 Asia/Tokyo] PHP Notice:  Undefined variable: img in /Applications/MAMP/htdocs/framework_lesson03/index.php on line 22
[12-Jun-2016 01:42:25 Asia/Tokyo] PHP Notice:  Undefined variable: attack in /Applications/MAMP/htdocs/framework_lesson03/index.php on line 23
[12-Jun-2016 01:43:02 Asia/Tokyo] POSTされた！
[12-Jun-2016 01:43:05 Asia/Tokyo] POSTされた！
[12-Jun-2016 01:43:09 Asia/Tokyo] POSTされた！
[12-Jun-2016 01:43:11 Asia/Tokyo] POSTされた！
[12-Jun-2016 01:43:12 Asia/Tokyo] POSTされた！
[12-Jun-2016 01:44:04 Asia/Tokyo] POSTされた！
[12-Jun-2016 01:44:08 Asia/Tokyo] POSTされた！
[12-Jun-2016 01:44:10 Asia/Tokyo] POSTされた！
[12-Jun-2016 01:44:11 Asia/Tokyo] POSTされた！
[12-Jun-2016 01:44:11 Asia/Tokyo] POSTされた！
[12-Jun-2016 01:44:12 Asia/Tokyo] POSTされた！
[12-Jun-2016 01:44:13 Asia/Tokyo] POSTされた！
[12-Jun-2016 01:44:13 Asia/Tokyo] POSTされた！
[12-Jun-2016 01:44:14 Asia/Tokyo] POSTされた！
[12-Jun-2016 01:44:16 Asia/Tokyo] POSTされた！
[12-Jun-2016 01:44:17 Asia/Tokyo] POSTされた！
[12-Jun-2016 01:44:18 Asia/Tokyo] POSTされた！
[12-Jun-2016 01:44:19 Asia/Tokyo] POSTされた！
[12-Jun-2016 01:46:20 Asia/Tokyo] POSTされた！
[12-Jun-2016 01:46:23 Asia/Tokyo] POSTされた！
[12-Jun-2016 01:46:24 Asia/Tokyo] POSTされた！
[12-Jun-2016 01:46:26 Asia/Tokyo] POSTされた！
[12-Jun-2016 01:46:27 Asia/Tokyo] POSTされた！
[12-Jun-2016 01:46:31 Asia/Tokyo] POSTされた！
[12-Jun-2016 01:58:19 Asia/Tokyo] POSTされた！
[12-Jun-2016 01:58:24 Asia/Tokyo] POSTされた！
[12-Jun-2016 01:58:25 Asia/Tokyo] POSTされた！
[12-Jun-2016 01:59:28 Asia/Tokyo] POSTされた！
[12-Jun-2016 01:59:30 Asia/Tokyo] POSTされた！
[12-Jun-2016 01:59:30 Asia/Tokyo] PHP Fatal error:  Call to undefined method MagicMonster::name() in /Applications/MAMP/htdocs/framework_lesson03/index.php on line 69
[12-Jun-2016 02:00:07 Asia/Tokyo] POSTされた！
[12-Jun-2016 02:00:08 Asia/Tokyo] POSTされた！
[12-Jun-2016 02:00:10 Asia/Tokyo] POSTされた！
[12-Jun-2016 02:00:12 Asia/Tokyo] POSTされた！
[12-Jun-2016 02:00:40 Asia/Tokyo] POSTされた！
[12-Jun-2016 02:00:42 Asia/Tokyo] POSTされた！
[12-Jun-2016 02:00:43 Asia/Tokyo] POSTされた！
[12-Jun-2016 02:00:44 Asia/Tokyo] POSTされた！
[12-Jun-2016 02:00:45 Asia/Tokyo] POSTされた！
[12-Jun-2016 02:00:47 Asia/Tokyo] POSTされた！
[12-Jun-2016 02:00:50 Asia/Tokyo] POSTされた！
[12-Jun-2016 02:00:52 Asia/Tokyo] POSTされた！
[12-Jun-2016 02:00:54 Asia/Tokyo] POSTされた！
[12-Jun-2016 02:00:55 Asia/Tokyo] POSTされた！
[12-Jun-2016 02:00:55 Asia/Tokyo] PHP Fatal error:  Call to undefined method MagicMonster::name() in /Applications/MAMP/htdocs/framework_lesson03/index.php on line 69
[12-Jun-2016 02:03:01 Asia/Tokyo] POSTされた！
[12-Jun-2016 02:03:02 Asia/Tokyo] POSTされた！
[12-Jun-2016 02:03:02 Asia/Tokyo] POSTされた！
[12-Jun-2016 02:03:03 Asia/Tokyo] POSTされた！
[12-Jun-2016 02:03:04 Asia/Tokyo] POSTされた！
[12-Jun-2016 02:03:05 Asia/Tokyo] POSTされた！
[12-Jun-2016 02:03:06 Asia/Tokyo] POSTされた！
[12-Jun-2016 02:03:08 Asia/Tokyo] POSTされた！
[12-Jun-2016 02:03:09 Asia/Tokyo] POSTされた！
[12-Jun-2016 02:03:10 Asia/Tokyo] POSTされた！
[12-Jun-2016 02:03:11 Asia/Tokyo] POSTされた！
[12-Jun-2016 02:03:12 Asia/Tokyo] POSTされた！
[12-Jun-2016 02:03:13 Asia/Tokyo] POSTされた！
[12-Jun-2016 02:03:13 Asia/Tokyo] POSTされた！
[12-Jun-2016 02:03:14 Asia/Tokyo] POSTされた！
[12-Jun-2016 02:03:15 Asia/Tokyo] POSTされた！
[12-Jun-2016 02:03:16 Asia/Tokyo] POSTされた！
[12-Jun-2016 02:03:17 Asia/Tokyo] POSTされた！
[12-Jun-2016 02:03:18 Asia/Tokyo] POSTされた！
[12-Jun-2016 02:03:19 Asia/Tokyo] POSTされた！
[12-Jun-2016 02:03:19 Asia/Tokyo] POSTされた！
[12-Jun-2016 02:03:21 Asia/Tokyo] POSTされた！
[12-Jun-2016 02:03:22 Asia/Tokyo] POSTされた！
[12-Jun-2016 02:03:23 Asia/Tokyo] POSTされた！
[12-Jun-2016 02:03:34 Asia/Tokyo] POSTされた！
[12-Jun-2016 02:03:35 Asia/Tokyo] POSTされた！
[12-Jun-2016 02:03:36 Asia/Tokyo] POSTされた！
[12-Jun-2016 02:03:36 Asia/Tokyo] POSTされた！
[12-Jun-2016 02:03:37 Asia/Tokyo] POSTされた！
[12-Jun-2016 02:03:37 Asia/Tokyo] POSTされた！
[12-Jun-2016 02:03:38 Asia/Tokyo] POSTされた！
[12-Jun-2016 02:03:39 Asia/Tokyo] POSTされた！
[12-Jun-2016 02:03:39 Asia/Tokyo] POSTされた！
[12-Jun-2016 02:03:40 Asia/Tokyo] POSTされた！
[12-Jun-2016 02:03:40 Asia/Tokyo] POSTされた！
[12-Jun-2016 02:03:41 Asia/Tokyo] POSTされた！
[12-Jun-2016 02:03:42 Asia/Tokyo] POSTされた！
[12-Jun-2016 02:03:42 Asia/Tokyo] POSTされた！
[12-Jun-2016 02:03:43 Asia/Tokyo] POSTされた！
[12-Jun-2016 02:04:55 Asia/Tokyo] POSTされた！
[12-Jun-2016 02:04:56 Asia/Tokyo] POSTされた！
[12-Jun-2016 02:04:58 Asia/Tokyo] POSTされた！
[12-Jun-2016 02:04:58 Asia/Tokyo] POSTされた！
[12-Jun-2016 02:04:59 Asia/Tokyo] POSTされた！
[12-Jun-2016 02:05:00 Asia/Tokyo] POSTされた！
[12-Jun-2016 02:05:01 Asia/Tokyo] POSTされた！
[12-Jun-2016 02:05:01 Asia/Tokyo] POSTされた！
[12-Jun-2016 02:05:02 Asia/Tokyo] POSTされた！
[12-Jun-2016 02:05:03 Asia/Tokyo] POSTされた！
[12-Jun-2016 02:05:04 Asia/Tokyo] POSTされた！
[12-Jun-2016 02:06:26 Asia/Tokyo] POSTされた！
[12-Jun-2016 02:06:27 Asia/Tokyo] POSTされた！
[12-Jun-2016 02:06:28 Asia/Tokyo] POSTされた！
[12-Jun-2016 02:06:28 Asia/Tokyo] POSTされた！
[12-Jun-2016 02:06:30 Asia/Tokyo] POSTされた！
[12-Jun-2016 02:06:30 Asia/Tokyo] POSTされた！
[12-Jun-2016 02:06:31 Asia/Tokyo] POSTされた！
[12-Jun-2016 02:06:43 Asia/Tokyo] POSTされた！
[12-Jun-2016 02:06:53 Asia/Tokyo] POSTされた！
[12-Jun-2016 02:07:10 Asia/Tokyo] POSTされた！
[12-Jun-2016 02:07:16 Asia/Tokyo] POSTされた！
[12-Jun-2016 02:07:23 Asia/Tokyo] POSTされた！
[12-Jun-2016 02:07:25 Asia/Tokyo] POSTされた！
[12-Jun-2016 02:07:28 Asia/Tokyo] POSTされた！
[12-Jun-2016 02:07:30 Asia/Tokyo] POSTされた！
[12-Jun-2016 02:07:31 Asia/Tokyo] POSTされた！
[12-Jun-2016 02:07:43 Asia/Tokyo] POSTされた！
[12-Jun-2016 02:07:44 Asia/Tokyo] POSTされた！
[12-Jun-2016 02:07:45 Asia/Tokyo] POSTされた！
[12-Jun-2016 02:07:45 Asia/Tokyo] PHP Fatal error:  Call to undefined method MagicMonster::name() in /Applications/MAMP/htdocs/framework_lesson03/index.php on line 69
[12-Jun-2016 02:07:53 Asia/Tokyo] POSTされた！
[13-Jun-2016 03:49:22 Asia/Tokyo] POSTされた！
[13-Jun-2016 03:49:24 Asia/Tokyo] POSTされた！
[13-Jun-2016 03:49:25 Asia/Tokyo] POSTされた！
[13-Jun-2016 03:49:26 Asia/Tokyo] POSTされた！
[13-Jun-2016 03:49:27 Asia/Tokyo] POSTされた！
[13-Jun-2016 03:49:27 Asia/Tokyo] POSTされた！
[13-Jun-2016 03:49:28 Asia/Tokyo] POSTされた！
[13-Jun-2016 03:49:30 Asia/Tokyo] POSTされた！
[13-Jun-2016 03:49:31 Asia/Tokyo] POSTされた！
[13-Jun-2016 03:49:31 Asia/Tokyo] POSTされた！
[13-Jun-2016 03:49:34 Asia/Tokyo] POSTされた！
[13-Jun-2016 03:49:34 Asia/Tokyo] PHP Fatal error:  Call to undefined method MagicMonster::magicAttack() in /Applications/MAMP/htdocs/framework_lesson04/index.php on line 135
[13-Jun-2016 03:51:00 Asia/Tokyo] POSTされた！
[13-Jun-2016 03:51:01 Asia/Tokyo] POSTされた！
[13-Jun-2016 03:51:03 Asia/Tokyo] POSTされた！
[13-Jun-2016 03:51:05 Asia/Tokyo] POSTされた！
[13-Jun-2016 03:51:08 Asia/Tokyo] POSTされた！
[13-Jun-2016 03:51:11 Asia/Tokyo] POSTされた！
[13-Jun-2016 03:51:17 Asia/Tokyo] POSTされた！
[13-Jun-2016 03:51:19 Asia/Tokyo] POSTされた！
[13-Jun-2016 03:51:20 Asia/Tokyo] POSTされた！
[13-Jun-2016 03:51:20 Asia/Tokyo] POSTされた！
[13-Jun-2016 03:51:20 Asia/Tokyo] POSTされた！
[13-Jun-2016 03:51:20 Asia/Tokyo] POSTされた！
[13-Jun-2016 03:51:21 Asia/Tokyo] POSTされた！
[13-Jun-2016 03:51:22 Asia/Tokyo] POSTされた！
[13-Jun-2016 03:51:23 Asia/Tokyo] POSTされた！
[13-Jun-2016 03:51:25 Asia/Tokyo] POSTされた！
[13-Jun-2016 03:51:27 Asia/Tokyo] POSTされた！
[13-Jun-2016 03:51:29 Asia/Tokyo] POSTされた！
[13-Jun-2016 03:51:31 Asia/Tokyo] POSTされた！
[13-Jun-2016 03:51:32 Asia/Tokyo] POSTされた！
[13-Jun-2016 03:51:33 Asia/Tokyo] POSTされた！
[13-Jun-2016 03:51:33 Asia/Tokyo] POSTされた！
[13-Jun-2016 03:51:33 Asia/Tokyo] POSTされた！
[13-Jun-2016 03:51:33 Asia/Tokyo] POSTされた！
[13-Jun-2016 03:51:34 Asia/Tokyo] POSTされた！
[13-Jun-2016 03:51:35 Asia/Tokyo] POSTされた！
[13-Jun-2016 03:51:36 Asia/Tokyo] POSTされた！
[14-Jun-2016 19:05:07 Asia/Tokyo] PHP Notice:  Undefined index: myhp in /Applications/MAMP/htdocs/framework_lesson06/index.php on line 231
[06-Nov-2020 01:21:05 UTC] PHP Notice:  Undefined index: myhp in /Applications/MAMP/htdocs/提出用フォルダ/objective_lesson05/index.php on line 231
[06-Nov-2020 01:21:11 UTC] POSTされた！
[06-Nov-2020 01:21:11 UTC] PHP Notice:  Undefined index: myhp in /Applications/MAMP/htdocs/提出用フォルダ/objective_lesson05/index.php on line 33
[06-Nov-2020 01:21:12 UTC] POSTされた！
[06-Nov-2020 01:21:13 UTC] POSTされた！
[06-Nov-2020 01:21:14 UTC] POSTされた！
[06-Nov-2020 01:21:14 UTC] POSTされた！
[06-Nov-2020 01:21:14 UTC] POSTされた！
[06-Nov-2020 01:21:15 UTC] POSTされた！
[06-Nov-2020 01:21:15 UTC] POSTされた！
[06-Nov-2020 01:21:15 UTC] POSTされた！
[06-Nov-2020 01:21:15 UTC] POSTされた！
[06-Nov-2020 01:21:15 UTC] POSTされた！
[06-Nov-2020 01:21:16 UTC] POSTされた！
[06-Nov-2020 01:21:16 UTC] POSTされた！
[06-Nov-2020 01:21:17 UTC] POSTされた！
[06-Nov-2020 01:29:14 UTC] POSTされた！
[06-Nov-2020 01:29:14 UTC] POSTされた！
[06-Nov-2020 01:29:15 UTC] POSTされた！
[06-Nov-2020 01:29:15 UTC] POSTされた！
[06-Nov-2020 01:29:15 UTC] POSTされた！
[06-Nov-2020 01:29:15 UTC] POSTされた！
[06-Nov-2020 01:29:15 UTC] POSTされた！
[06-Nov-2020 01:29:16 UTC] POSTされた！
[06-Nov-2020 01:29:43 UTC] POSTされた！
[06-Nov-2020 01:29:43 UTC] POSTされた！
[06-Nov-2020 01:29:43 UTC] POSTされた！
[06-Nov-2020 01:29:44 UTC] POSTされた！
[06-Nov-2020 01:29:44 UTC] POSTされた！
[06-Nov-2020 01:29:44 UTC] POSTされた！
[06-Nov-2020 01:29:44 UTC] POSTされた！
[06-Nov-2020 01:29:47 UTC] POSTされた！
[06-Nov-2020 01:29:49 UTC] POSTされた！
[06-Nov-2020 01:29:49 UTC] POSTされた！
[06-Nov-2020 01:29:49 UTC] POSTされた！
[06-Nov-2020 01:29:49 UTC] POSTされた！
[06-Nov-2020 01:29:49 UTC] POSTされた！
[06-Nov-2020 01:29:50 UTC] POSTされた！
[06-Nov-2020 01:29:50 UTC] POSTされた！
[06-Nov-2020 01:29:50 UTC] POSTされた！
[06-Nov-2020 01:29:53 UTC] POSTされた！
[06-Nov-2020 01:29:54 UTC] POSTされた！
[06-Nov-2020 01:29:54 UTC] POSTされた！
[06-Nov-2020 01:29:54 UTC] POSTされた！
[06-Nov-2020 01:29:55 UTC] POSTされた！
[06-Nov-2020 01:29:55 UTC] POSTされた！
[06-Nov-2020 01:29:55 UTC] POSTされた！
[06-Nov-2020 01:29:55 UTC] POSTされた！
[06-Nov-2020 01:29:55 UTC] POSTされた！
[06-Nov-2020 01:29:56 UTC] POSTされた！
[06-Nov-2020 01:29:56 UTC] POSTされた！
[06-Nov-2020 01:29:56 UTC] POSTされた！
[06-Nov-2020 01:29:56 UTC] POSTされた！
[06-Nov-2020 01:29:56 UTC] POSTされた！
[06-Nov-2020 01:29:57 UTC] POSTされた！
[06-Nov-2020 01:29:58 UTC] POSTされた！
[06-Nov-2020 01:29:59 UTC] POSTされた！
[06-Nov-2020 01:29:59 UTC] POSTされた！
[06-Nov-2020 01:29:59 UTC] POSTされた！
[06-Nov-2020 01:29:59 UTC] POSTされた！
[06-Nov-2020 01:30:00 UTC] POSTされた！
[06-Nov-2020 01:30:00 UTC] POSTされた！
[06-Nov-2020 01:30:00 UTC] POSTされた！
[06-Nov-2020 01:30:00 UTC] POSTされた！
[06-Nov-2020 01:30:01 UTC] POSTされた！
[06-Nov-2020 01:30:02 UTC] POSTされた！
[06-Nov-2020 01:30:03 UTC] POSTされた！
[06-Nov-2020 01:30:03 UTC] POSTされた！
[06-Nov-2020 01:30:03 UTC] POSTされた！
[06-Nov-2020 01:30:03 UTC] POSTされた！
[06-Nov-2020 01:30:03 UTC] POSTされた！
[06-Nov-2020 01:30:04 UTC] POSTされた！
[06-Nov-2020 01:30:04 UTC] POSTされた！
[06-Nov-2020 01:30:04 UTC] POSTされた！
[06-Nov-2020 01:30:04 UTC] POSTされた！
[06-Nov-2020 01:30:04 UTC] POSTされた！
[06-Nov-2020 01:30:05 UTC] POSTされた！
[06-Nov-2020 01:30:05 UTC] POSTされた！
[06-Nov-2020 01:30:05 UTC] POSTされた！
[06-Nov-2020 01:30:05 UTC] POSTされた！
[06-Nov-2020 01:30:06 UTC] POSTされた！
[06-Nov-2020 01:30:06 UTC] POSTされた！
